<?xml version="1.0" encoding="UTF-8"?>
<!-- Generated by org.testng.reporters.JUnitReportReporter -->
<testsuite hostname="aniket-Latitude-3410" failures="0" tests="1" name="login.SupportManager_LoginTest" time="23.646" errors="0" timestamp="2023-04-30T21:52:19 IST" skipped="0">
  <testcase classname="login.SupportManager_LoginTest" name="supportManager_LoginTest" time="23.646"/>
  <system-out/>
</testsuite> <!-- login.SupportManager_LoginTest -->
