<?xml version="1.0" encoding="UTF-8"?>
<!-- Generated by org.testng.reporters.JUnitReportReporter -->
<testsuite hostname="aniket-Latitude-3410" failures="0" tests="1" name="login.Presales_LoginTest" time="9.117" errors="0" timestamp="2023-04-30T21:42:27 IST" skipped="0">
  <testcase classname="login.Presales_LoginTest" name="presalesLoginTest" time="9.117"/>
  <system-out/>
</testsuite> <!-- login.Presales_LoginTest -->
