<?xml version="1.0" encoding="UTF-8"?>
<!-- Generated by org.testng.reporters.JUnitReportReporter -->
<testsuite hostname="aniket-Latitude-3410" failures="0" tests="1" name="leadActivities.SendingEmailTest" time="44.257" errors="0" timestamp="2023-08-09T17:26:05 IST" skipped="0">
  <testcase classname="leadActivities.SendingEmailTest" name="sendingEmailTest" time="44.257"/>
  <system-out/>
</testsuite> <!-- leadActivities.SendingEmailTest -->
