<?xml version="1.0" encoding="UTF-8"?>
<!-- Generated by org.testng.reporters.JUnitReportReporter -->
<testsuite hostname="aniket-Latitude-3410" failures="0" tests="1" name="getLeadId" time="9.252" errors="0" timestamp="2023-06-19T14:59:31 IST" skipped="0">
  <testcase classname="getLeadId" name="test" time="9.252"/>
  <system-out/>
</testsuite> <!-- getLeadId -->
