<?xml version="1.0" encoding="UTF-8"?>
<!-- Generated by org.testng.reporters.JUnitReportReporter -->
<testsuite hostname="aniket-Latitude-3410" failures="0" tests="1" name="login.Sales_LoginTest" time="7.944" errors="0" timestamp="2023-08-23T18:40:46 IST" skipped="0">
  <testcase classname="login.Sales_LoginTest" name="salesLoginTest" time="7.944"/>
  <system-out/>
</testsuite> <!-- login.Sales_LoginTest -->
