<?xml version="1.0" encoding="UTF-8"?>
<!-- Generated by org.testng.reporters.JUnitReportReporter -->
<testsuite hostname="aniket-Latitude-3410" failures="0" tests="1" name="userManagementPack.CreatingAdminUserTest" time="18.318" errors="0" timestamp="2023-10-10T16:55:30 IST" skipped="0">
  <testcase classname="userManagementPack.CreatingAdminUserTest" name="creatingAdminUserTest" time="18.318"/>
  <system-out/>
</testsuite> <!-- userManagementPack.CreatingAdminUserTest -->
