<?xml version="1.0" encoding="UTF-8"?>
<!-- Generated by org.testng.reporters.JUnitReportReporter -->
<testsuite hostname="aniket-Latitude-3410" failures="0" tests="1" name="otherLeadActivitiesPack.AddingNewLeadWithFilledForm_PresalesTest" time="24.005" errors="0" timestamp="2023-08-14T15:29:19 IST" skipped="0">
  <testcase classname="otherLeadActivitiesPack.AddingNewLeadWithFilledForm_PresalesTest" name="addingNewLeadWithFilledForm_PresalesTest" time="24.005"/>
  <system-out/>
</testsuite> <!-- otherLeadActivitiesPack.AddingNewLeadWithFilledForm_PresalesTest -->
