<?xml version="1.0" encoding="UTF-8"?>
<!-- Generated by org.testng.reporters.JUnitReportReporter -->
<testsuite hostname="aniket-Latitude-3410" failures="0" tests="2" name="exportPackage.ExportBookingsTest" time="2.419" errors="1" timestamp="2023-10-04T13:13:22 IST" skipped="1">
  <testcase classname="exportPackage.ExportBookingsTest" name="browserConfig" time="2.418">
    <error message="com.gargoylesoftware.htmlunit.ScriptException: missing ) after formal parameters (https://9c1e6db4e0decf986738-f9fca11ad0062e1f0c8585e4a2487b6e.ssl.cf2.rackcdn.com/assets/application-c41eea56c94eeb0d3cbd5c331b22aa95594048795bd0161fa5dc7940e86899e7.js#44172)
Build info: version: &#039;4.9.1&#039;, revision: &#039;eb2032df7f&#039;
System info: os.name: &#039;Linux&#039;, os.arch: &#039;amd64&#039;, os.version: &#039;6.2.0-33-generic&#039;, java.version: &#039;17.0.7&#039;
Driver info: driver.version: HtmlUnitDriver" type="org.openqa.selenium.WebDriverException">
      <![CDATA[org.openqa.selenium.WebDriverException: com.gargoylesoftware.htmlunit.ScriptException: missing ) after formal parameters (https://9c1e6db4e0decf986738-f9fca11ad0062e1f0c8585e4a2487b6e.ssl.cf2.rackcdn.com/assets/application-c41eea56c94eeb0d3cbd5c331b22aa95594048795bd0161fa5dc7940e86899e7.js#44172)
Build info: version: '4.9.1', revision: 'eb2032df7f'
System info: os.name: 'Linux', os.arch: 'amd64', os.version: '6.2.0-33-generic', java.version: '17.0.7'
Driver info: driver.version: HtmlUnitDriver
at org.openqa.selenium.htmlunit.HtmlUnitDriver.get(HtmlUnitDriver.java:672)
at org.openqa.selenium.htmlunit.HtmlUnitDriver.lambda$get$7(HtmlUnitDriver.java:628)
at org.openqa.selenium.htmlunit.HtmlUnitDriver.lambda$runAsync$0(HtmlUnitDriver.java:355)
at java.base/java.util.concurrent.ThreadPoolExecutor.runWorker(ThreadPoolExecutor.java:1136)
at java.base/java.util.concurrent.ThreadPoolExecutor$Worker.run(ThreadPoolExecutor.java:635)
at java.base/java.lang.Thread.run(Thread.java:833)
Caused by: com.gargoylesoftware.htmlunit.ScriptException: missing ) after formal parameters (https://9c1e6db4e0decf986738-f9fca11ad0062e1f0c8585e4a2487b6e.ssl.cf2.rackcdn.com/assets/application-c41eea56c94eeb0d3cbd5c331b22aa95594048795bd0161fa5dc7940e86899e7.js#44172)
at com.gargoylesoftware.htmlunit.javascript.JavaScriptEngine$HtmlUnitContextAction.run(JavaScriptEngine.java:1001)
at net.sourceforge.htmlunit.corejs.javascript.Context.call(Context.java:590)
at net.sourceforge.htmlunit.corejs.javascript.ContextFactory.call(ContextFactory.java:484)
at com.gargoylesoftware.htmlunit.javascript.HtmlUnitContextFactory.callSecured(HtmlUnitContextFactory.java:349)
at com.gargoylesoftware.htmlunit.javascript.JavaScriptEngine.compile(JavaScriptEngine.java:830)
at com.gargoylesoftware.htmlunit.javascript.JavaScriptEngine.compile(JavaScriptEngine.java:796)
at com.gargoylesoftware.htmlunit.javascript.JavaScriptEngine.compile(JavaScriptEngine.java:118)
at com.gargoylesoftware.htmlunit.html.HtmlPage.loadJavaScriptFromUrl(HtmlPage.java:1153)
at com.gargoylesoftware.htmlunit.html.HtmlPage.loadExternalJavaScriptFile(HtmlPage.java:1024)
at com.gargoylesoftware.htmlunit.html.ScriptElementSupport.executeScriptIfNeeded(ScriptElementSupport.java:196)
at com.gargoylesoftware.htmlunit.html.ScriptElementSupport$1.execute(ScriptElementSupport.java:120)
at com.gargoylesoftware.htmlunit.html.ScriptElementSupport.onAllChildrenAddedToPage(ScriptElementSupport.java:143)
at com.gargoylesoftware.htmlunit.html.HtmlScript.onAllChildrenAddedToPage(HtmlScript.java:191)
at com.gargoylesoftware.htmlunit.html.parser.neko.HtmlUnitNekoDOMBuilder.endElement(HtmlUnitNekoDOMBuilder.java:572)
at net.sourceforge.htmlunit.xerces.parsers.AbstractSAXParser.endElement(AbstractSAXParser.java:451)
at com.gargoylesoftware.htmlunit.html.parser.neko.HtmlUnitNekoDOMBuilder.endElement(HtmlUnitNekoDOMBuilder.java:517)
at net.sourceforge.htmlunit.cyberneko.HTMLTagBalancer.callEndElement(HTMLTagBalancer.java:1242)
at net.sourceforge.htmlunit.cyberneko.HTMLTagBalancer.endElement(HTMLTagBalancer.java:1169)
at net.sourceforge.htmlunit.cyberneko.filters.DefaultFilter.endElement(DefaultFilter.java:218)
at net.sourceforge.htmlunit.cyberneko.filters.NamespaceBinder.endElement(NamespaceBinder.java:310)
at net.sourceforge.htmlunit.cyberneko.HTMLScanner$ContentScanner.scanEndElement(HTMLScanner.java:3145)
at net.sourceforge.htmlunit.cyberneko.HTMLScanner$ContentScanner.scan(HTMLScanner.java:2091)
at net.sourceforge.htmlunit.cyberneko.HTMLScanner.scanDocument(HTMLScanner.java:918)
at net.sourceforge.htmlunit.cyberneko.HTMLConfiguration.parse(HTMLConfiguration.java:367)
at net.sourceforge.htmlunit.cyberneko.HTMLConfiguration.parse(HTMLConfiguration.java:318)
at net.sourceforge.htmlunit.xerces.parsers.XMLParser.parse(XMLParser.java:80)
at com.gargoylesoftware.htmlunit.html.parser.neko.HtmlUnitNekoDOMBuilder.parse(HtmlUnitNekoDOMBuilder.java:773)
at com.gargoylesoftware.htmlunit.html.parser.neko.HtmlUnitNekoHtmlParser.parse(HtmlUnitNekoHtmlParser.java:204)
at com.gargoylesoftware.htmlunit.DefaultPageCreator.createHtmlPage(DefaultPageCreator.java:299)
at com.gargoylesoftware.htmlunit.DefaultPageCreator.createPage(DefaultPageCreator.java:219)
at com.gargoylesoftware.htmlunit.WebClient.loadWebResponseInto(WebClient.java:669)
at com.gargoylesoftware.htmlunit.WebClient.loadWebResponseInto(WebClient.java:571)
at com.gargoylesoftware.htmlunit.WebClient.getPage(WebClient.java:489)
at com.gargoylesoftware.htmlunit.WebClient.getPage(WebClient.java:396)
at org.openqa.selenium.htmlunit.HtmlUnitDriver.get(HtmlUnitDriver.java:648)
... 5 more
Caused by: net.sourceforge.htmlunit.corejs.javascript.EvaluatorException: missing ) after formal parameters (https://9c1e6db4e0decf986738-f9fca11ad0062e1f0c8585e4a2487b6e.ssl.cf2.rackcdn.com/assets/application-c41eea56c94eeb0d3cbd5c331b22aa95594048795bd0161fa5dc7940e86899e7.js#44172)
at com.gargoylesoftware.htmlunit.javascript.HtmlUnitContextFactory$HtmlUnitErrorReporter.error(HtmlUnitContextFactory.java:435)
at net.sourceforge.htmlunit.corejs.javascript.Parser.addError(Parser.java:257)
at net.sourceforge.htmlunit.corejs.javascript.Parser.reportError(Parser.java:336)
at net.sourceforge.htmlunit.corejs.javascript.Parser.reportError(Parser.java:332)
at net.sourceforge.htmlunit.corejs.javascript.Parser.mustMatchToken(Parser.java:473)
at net.sourceforge.htmlunit.corejs.javascript.Parser.mustMatchToken(Parser.java:464)
at net.sourceforge.htmlunit.corejs.javascript.Parser.parseFunctionParams(Parser.java:839)
at net.sourceforge.htmlunit.corejs.javascript.Parser.function(Parser.java:910)
at net.sourceforge.htmlunit.corejs.javascript.Parser.function(Parser.java:845)
at net.sourceforge.htmlunit.corejs.javascript.Parser.primaryExpr(Parser.java:3081)
at net.sourceforge.htmlunit.corejs.javascript.Parser.memberExpr(Parser.java:2711)
at net.sourceforge.htmlunit.corejs.javascript.Parser.unaryExpr(Parser.java:2614)
at net.sourceforge.htmlunit.corejs.javascript.Parser.expExpr(Parser.java:2534)
at net.sourceforge.htmlunit.corejs.javascript.Parser.mulExpr(Parser.java:2517)
at net.sourceforge.htmlunit.corejs.javascript.Parser.addExpr(Parser.java:2503)
at net.sourceforge.htmlunit.corejs.javascript.Parser.shiftExpr(Parser.java:2486)
at net.sourceforge.htmlunit.corejs.javascript.Parser.relExpr(Parser.java:2464)
at net.sourceforge.htmlunit.corejs.javascript.Parser.eqExpr(Parser.java:2440)
at net.sourceforge.htmlunit.corejs.javascript.Parser.bitAndExpr(Parser.java:2431)
at net.sourceforge.htmlunit.corejs.javascript.Parser.bitXorExpr(Parser.java:2422)
at net.sourceforge.htmlunit.corejs.javascript.Parser.bitOrExpr(Parser.java:2413)
at net.sourceforge.htmlunit.corejs.javascript.Parser.andExpr(Parser.java:2404)
at net.sourceforge.htmlunit.corejs.javascript.Parser.orExpr(Parser.java:2395)
at net.sourceforge.htmlunit.corejs.javascript.Parser.condExpr(Parser.java:2362)
at net.sourceforge.htmlunit.corejs.javascript.Parser.assignExpr(Parser.java:2320)
at net.sourceforge.htmlunit.corejs.javascript.Parser.assignExpr(Parser.java:2343)
at net.sourceforge.htmlunit.corejs.javascript.Parser.expr(Parser.java:2303)
at net.sourceforge.htmlunit.corejs.javascript.Parser.nameOrLabel(Parser.java:2061)
at net.sourceforge.htmlunit.corejs.javascript.Parser.statementHelper(Parser.java:1240)
at net.sourceforge.htmlunit.corejs.javascript.Parser.statement(Parser.java:1104)
at net.sourceforge.htmlunit.corejs.javascript.Parser.parse(Parser.java:632)
at net.sourceforge.htmlunit.corejs.javascript.Parser.parse(Parser.java:562)
at net.sourceforge.htmlunit.corejs.javascript.Context.parse(Context.java:2549)
at net.sourceforge.htmlunit.corejs.javascript.Context.compileImpl(Context.java:2480)
at net.sourceforge.htmlunit.corejs.javascript.Context.compileString(Context.java:1448)
at com.gargoylesoftware.htmlunit.javascript.HtmlUnitContextFactory$TimeoutContext.compileString(HtmlUnitContextFactory.java:221)
at net.sourceforge.htmlunit.corejs.javascript.Context.compileString(Context.java:1436)
at com.gargoylesoftware.htmlunit.javascript.JavaScriptEngine$1.doRun(JavaScriptEngine.java:821)
at com.gargoylesoftware.htmlunit.javascript.JavaScriptEngine$HtmlUnitContextAction.run(JavaScriptEngine.java:984)
... 39 more
]]>
    </error>
  </testcase> <!-- browserConfig -->
  <system-out/>
  <testcase classname="exportPackage.ExportBookingsTest" name="exportBookingsTest" time="0.001">
    <skipped/>
  </testcase> <!-- exportBookingsTest -->
  <system-out/>
</testsuite> <!-- exportPackage.ExportBookingsTest -->
