<?xml version="1.0" encoding="UTF-8"?>
<!-- Generated by org.testng.reporters.JUnitReportReporter -->
<testsuite hostname="aniket-Latitude-3410" failures="0" tests="1" name="exportPackage.ExportFollowupsTest" time="47.016" errors="0" timestamp="2023-08-14T14:44:58 IST" skipped="0">
  <testcase classname="exportPackage.ExportFollowupsTest" name="exportFollowupsTest" time="47.016"/>
  <system-out/>
</testsuite> <!-- exportPackage.ExportFollowupsTest -->
