<?xml version="1.0" encoding="UTF-8"?>
<!-- Generated by org.testng.reporters.JUnitReportReporter -->
<testsuite hostname="aniket-Latitude-3410" failures="0" tests="1" name="CreateClient.CreateClinet" time="33.037" errors="0" timestamp="2023-08-22T13:04:39 IST" skipped="0">
  <testcase classname="CreateClient.CreateClinet" name="createPostpaidClient" time="33.037"/>
  <system-out/>
</testsuite> <!-- CreateClient.CreateClinet -->
