<?xml version="1.0" encoding="UTF-8"?>
<!-- Generated by org.testng.reporters.JUnitReportReporter -->
<testsuite hostname="aniket-Latitude-3410" failures="0" tests="1" name="otherLeadActivitiesPack.ReassigningLeadTest" time="62.954" errors="0" timestamp="2023-06-02T15:26:26 IST" skipped="0">
  <testcase classname="otherLeadActivitiesPack.ReassigningLeadTest" name="reassigningLeadTest" time="62.954"/>
  <system-out/>
</testsuite> <!-- otherLeadActivitiesPack.ReassigningLeadTest -->
