<?xml version="1.0" encoding="UTF-8"?>
<!-- Generated by org.testng.reporters.JUnitReportReporter -->
<testsuite hostname="aniket-Latitude-3410" failures="0" tests="1" name="channelPartnerPack.AddingChannelPartner_MandatoryFillTest" time="15.432" errors="0" timestamp="2023-08-02T15:55:26 IST" skipped="0">
  <testcase classname="channelPartnerPack.AddingChannelPartner_MandatoryFillTest" name="addingChannelPartner_MandatoryFillTest" time="15.432"/>
  <system-out/>
</testsuite> <!-- channelPartnerPack.AddingChannelPartner_MandatoryFillTest -->
