<?xml version="1.0" encoding="UTF-8"?>
<!-- Generated by org.testng.reporters.JUnitReportReporter -->
<testsuite hostname="aniket-Latitude-3410" failures="0" tests="1" name="otherLeadActivitiesPack.DocumentTest" time="26.477" errors="0" timestamp="2023-08-14T16:00:26 IST" skipped="0">
  <testcase classname="otherLeadActivitiesPack.DocumentTest" name="documentTest" time="26.477"/>
  <system-out/>
</testsuite> <!-- otherLeadActivitiesPack.DocumentTest -->
