<?xml version="1.0" encoding="UTF-8"?>
<!-- Generated by org.testng.reporters.JUnitReportReporter -->
<testsuite hostname="aniket-Latitude-3410" failures="0" tests="1" name="login.PostSalesManager_LoginTest" time="10.682" errors="0" timestamp="2023-09-06T19:30:56 IST" skipped="0">
  <testcase classname="login.PostSalesManager_LoginTest" name="postsalesManagerLoginTest" time="10.682"/>
  <system-out/>
</testsuite> <!-- login.PostSalesManager_LoginTest -->
