<?xml version="1.0" encoding="UTF-8"?>
<!-- Generated by org.testng.reporters.JUnitReportReporter -->
<testsuite hostname="aniket-Latitude-3410" failures="0" tests="1" name="login.SuperAdmin_LoginTest" time="14.982" errors="0" timestamp="2023-08-22T19:02:31 IST" skipped="0">
  <testcase classname="login.SuperAdmin_LoginTest" name="superAdmin_LoginTest" time="14.982"/>
  <system-out/>
</testsuite> <!-- login.SuperAdmin_LoginTest -->
