<?xml version="1.0" encoding="UTF-8"?>
<!-- Generated by org.testng.reporters.JUnitReportReporter -->
<testsuite hostname="aniket-Latitude-3410" failures="0" tests="1" name="dashboardBucketsPack.MissedCalls_VerificationTest" time="23.773" errors="0" timestamp="2023-10-10T19:29:05 IST" skipped="0">
  <testcase classname="dashboardBucketsPack.MissedCalls_VerificationTest" name="missedCalls_VerificationTest" time="23.773"/>
  <system-out/>
</testsuite> <!-- dashboardBucketsPack.MissedCalls_VerificationTest -->
