<?xml version="1.0" encoding="UTF-8"?>
<!-- Generated by org.testng.reporters.JUnitReportReporter -->
<testsuite hostname="aniket-Latitude-3410" failures="0" tests="1" name="leadActivities.AddConductedSiteVisitTest" time="19.554" errors="0" timestamp="2023-12-11T15:53:04 IST" skipped="0">
  <testcase classname="leadActivities.AddConductedSiteVisitTest" name="addConductedSiteVisitTest" time="19.554"/>
</testsuite> <!-- leadActivities.AddConductedSiteVisitTest -->
