<?xml version="1.0" encoding="UTF-8"?>
<!-- Generated by org.testng.reporters.JUnitReportReporter -->
<testsuite hostname="aniket-Latitude-3410" failures="0" tests="1" name="leadActivities.PushToSalesTest" time="71.275" errors="0" timestamp="2023-08-09T16:01:02 IST" skipped="0">
  <testcase classname="leadActivities.PushToSalesTest" name="pushingLeadTest_ForwardingOff" time="71.275"/>
  <system-out/>
</testsuite> <!-- leadActivities.PushToSalesTest -->
