<?xml version="1.0" encoding="UTF-8"?>
<!-- Generated by org.testng.reporters.JUnitReportReporter -->
<testsuite hostname="aniket-Latitude-3410" failures="0" tests="1" name="userManagementPack.CreatingPostsalesManagerTest" time="39.648" errors="0" timestamp="2023-10-10T17:06:35 IST" skipped="0">
  <testcase classname="userManagementPack.CreatingPostsalesManagerTest" name="creatingPostsalesManagerTest" time="39.648"/>
  <system-out/>
</testsuite> <!-- userManagementPack.CreatingPostsalesManagerTest -->
