<?xml version="1.0" encoding="UTF-8"?>
<!-- Generated by org.testng.reporters.JUnitReportReporter -->
<testsuite hostname="aniket-Latitude-3410" failures="0" tests="1" name="leadActivities.PullToSalesTest" time="43.695" errors="0" timestamp="2023-08-02T18:41:33 IST" skipped="0">
  <testcase classname="leadActivities.PullToSalesTest" name="pullToSalesTest" time="43.695"/>
  <system-out/>
</testsuite> <!-- leadActivities.PullToSalesTest -->
