<?xml version="1.0" encoding="UTF-8"?>
<!-- Generated by org.testng.reporters.JUnitReportReporter -->
<testsuite hostname="aniket-Latitude-3410" failures="0" tests="1" name="userManagementPack.EditingUserTest" time="134.203" errors="0" timestamp="2023-10-10T18:46:05 IST" skipped="0">
  <testcase classname="userManagementPack.EditingUserTest" name="editingUserTest" time="134.203"/>
  <system-out/>
</testsuite> <!-- userManagementPack.EditingUserTest -->
