<?xml version="1.0" encoding="UTF-8"?>
<!-- Generated by org.testng.reporters.JUnitReportReporter -->
<testsuite hostname="aniket-Latitude-3410" failures="0" tests="1" name="channelPartnerPack.AddingChannelPartner_FilledFormTest" time="24.421" errors="0" timestamp="2023-11-17T16:39:28 IST" skipped="0">
  <testcase classname="channelPartnerPack.AddingChannelPartner_FilledFormTest" name="addingChannelPartner_FilledFormTest" time="24.421"/>
</testsuite> <!-- channelPartnerPack.AddingChannelPartner_FilledFormTest -->
