<?xml version="1.0" encoding="UTF-8"?>
<!-- Generated by org.testng.reporters.JUnitReportReporter -->
<testsuite hostname="aniket-Latitude-3410" failures="0" tests="1" name="exportPackage.ExportTasksTest" time="51.084" errors="0" timestamp="2023-08-14T15:12:16 IST" skipped="0">
  <testcase classname="exportPackage.ExportTasksTest" name="exportTasksTest" time="51.084"/>
  <system-out/>
</testsuite> <!-- exportPackage.ExportTasksTest -->
