<?xml version="1.0" encoding="UTF-8"?>
<!-- Generated by org.testng.reporters.JUnitReportReporter -->
<testsuite hostname="aniket-Latitude-3410" failures="0" tests="1" name="exportPackage.ExportSitevisitsTest" time="50.033" errors="0" timestamp="2023-08-14T15:10:31 IST" skipped="0">
  <testcase classname="exportPackage.ExportSitevisitsTest" name="exportSitevisitsTest" time="50.033"/>
  <system-out/>
</testsuite> <!-- exportPackage.ExportSitevisitsTest -->
