<?xml version="1.0" encoding="UTF-8"?>
<!-- Generated by org.testng.reporters.JUnitReportReporter -->
<testsuite hostname="aniket-Latitude-3410" failures="0" tests="1" name="leadActivities.SendingEmailWithCCandBCCTest" time="21.174" errors="0" timestamp="2023-08-09T17:45:46 IST" skipped="0">
  <testcase classname="leadActivities.SendingEmailWithCCandBCCTest" name="sendingEmailWithCCandBCCTest" time="21.174"/>
  <system-out/>
</testsuite> <!-- leadActivities.SendingEmailWithCCandBCCTest -->
