<?xml version="1.0" encoding="UTF-8"?>
<!-- Generated by org.testng.reporters.JUnitReportReporter -->
<testsuite hostname="aniket-Latitude-3410" failures="0" tests="2" name="dashboardBucketsPack.NFA_VerificationTest" time="106.106" errors="0" timestamp="2023-07-11T18:35:25 IST" skipped="1">
  <testcase classname="dashboardBucketsPack.NFA_VerificationTest" name="nFA_VerificationTest" time="55.398">
    <skipped/>
  </testcase> <!-- nFA_VerificationTest -->
  <system-out/>
  <testcase classname="dashboardBucketsPack.NFA_VerificationTest" name="nFA_VerificationTest" time="50.708"/>
  <system-out/>
</testsuite> <!-- dashboardBucketsPack.NFA_VerificationTest -->
