<?xml version="1.0" encoding="UTF-8"?>
<!-- Generated by org.testng.reporters.JUnitReportReporter -->
<testsuite hostname="aniket-Latitude-3410" failures="0" tests="1" name="inventory.AddingNewProjectTowerTest" time="15.053" errors="0" timestamp="2023-08-23T18:31:43 IST" skipped="0">
  <testcase classname="inventory.AddingNewProjectTowerTest" name="addingNewProjectTowerTest" time="15.053"/>
  <system-out/>
</testsuite> <!-- inventory.AddingNewProjectTowerTest -->
