<?xml version="1.0" encoding="UTF-8"?>
<!-- Generated by org.testng.reporters.JUnitReportReporter -->
<testsuite hostname="aniket-Latitude-3410" failures="0" tests="1" name="login.PostSalesManager_LoginTest" time="37.958" errors="0" timestamp="2023-08-23T18:40:46 IST" skipped="0">
  <testcase classname="login.PostSalesManager_LoginTest" name="postsalesManagerLoginTest" time="37.958"/>
  <system-out/>
</testsuite> <!-- login.PostSalesManager_LoginTest -->
