<?xml version="1.0" encoding="UTF-8"?>
<!-- Generated by org.testng.reporters.JUnitReportReporter -->
<testsuite hostname="aniket-Latitude-3410" failures="0" tests="1" name="dashboardBucketsPack.NFA_VerificationTest" time="55.522" errors="0" timestamp="2023-11-15T23:57:44 IST" skipped="0">
  <testcase classname="dashboardBucketsPack.NFA_VerificationTest" name="nFA_VerificationTest" time="55.522"/>
</testsuite> <!-- dashboardBucketsPack.NFA_VerificationTest -->
