<?xml version="1.0" encoding="UTF-8"?>
<!-- Generated by org.testng.reporters.JUnitReportReporter -->
<testsuite hostname="aniket-Latitude-3410" failures="0" tests="1" name="exportPackage.ExportLeadsTest" time="50.298" errors="0" timestamp="2023-08-14T15:01:54 IST" skipped="0">
  <testcase classname="exportPackage.ExportLeadsTest" name="exportLeadsTest" time="50.298"/>
  <system-out/>
</testsuite> <!-- exportPackage.ExportLeadsTest -->
