<?xml version="1.0" encoding="UTF-8"?>
<!-- Generated by org.testng.reporters.JUnitReportReporter -->
<testsuite hostname="aniket-Latitude-3410" failures="0" tests="1" name="listsPack.EditingLeadSearchListTest" time="8.945" errors="0" timestamp="2023-08-10T13:35:47 IST" skipped="0">
  <testcase classname="listsPack.EditingLeadSearchListTest" name="editingLeadSearchListTest" time="8.945"/>
  <system-out/>
</testsuite> <!-- listsPack.EditingLeadSearchListTest -->
