<?xml version="1.0" encoding="UTF-8"?>
<!-- Generated by org.testng.reporters.JUnitReportReporter -->
<testsuite hostname="aniket-Latitude-3410" failures="0" tests="1" name="channelPartnerPack.SearchingChannelPartnerTest" time="25.807" errors="0" timestamp="2023-08-02T15:58:32 IST" skipped="0">
  <testcase classname="channelPartnerPack.SearchingChannelPartnerTest" name="searchingChannelPartnerTest" time="25.807"/>
  <system-out/>
</testsuite> <!-- channelPartnerPack.SearchingChannelPartnerTest -->
