<?xml version="1.0" encoding="UTF-8"?>
<!-- Generated by org.testng.reporters.JUnitReportReporter -->
<testsuite hostname="aniket-Latitude-3410" failures="0" tests="1" name="leadStagesPack.ChangingStage_LostToProspectTest" time="16.105" errors="0" timestamp="2023-08-10T12:52:03 IST" skipped="0">
  <testcase classname="leadStagesPack.ChangingStage_LostToProspectTest" name="changingStage_LostToProspectTest" time="16.105"/>
  <system-out/>
</testsuite> <!-- leadStagesPack.ChangingStage_LostToProspectTest -->
