<?xml version="1.0" encoding="UTF-8"?>
<!-- Generated by org.testng.reporters.JUnitReportReporter -->
<testsuite hostname="aniket-Latitude-3410" failures="0" tests="2" name="leadActivities.AddTaskTest" time="36.104" errors="0" timestamp="2023-08-02T17:50:04 IST" skipped="0">
  <testcase classname="leadActivities.AddTaskTest" name="changingTaskStatusTest" time="25.195"/>
  <system-out/>
  <testcase classname="leadActivities.AddTaskTest" name="ChangingTaskStatusTest" time="10.909"/>
  <system-out/>
</testsuite> <!-- leadActivities.AddTaskTest -->
