<?xml version="1.0" encoding="UTF-8"?>
<!-- Generated by org.testng.reporters.JUnitReportReporter -->
<testsuite hostname="aniket-Latitude-3410" failures="0" tests="1" name="userManagementPack.AddingNewTeamTest" time="14.766" errors="0" timestamp="2023-09-24T21:05:20 IST" skipped="0">
  <testcase classname="userManagementPack.AddingNewTeamTest" name="addingNewTeamTest" time="14.766"/>
  <system-out/>
</testsuite> <!-- userManagementPack.AddingNewTeamTest -->
