<?xml version="1.0" encoding="UTF-8"?>
<!-- Generated by org.testng.reporters.JUnitReportReporter -->
<testsuite hostname="aniket-Latitude-3410" failures="0" tests="1" name="otherLeadActivitiesPack.AddingInterestedPropertyTest" time="14.319" errors="0" timestamp="2023-08-14T15:24:00 IST" skipped="0">
  <testcase classname="otherLeadActivitiesPack.AddingInterestedPropertyTest" name="addingInterestedPropertyTest" time="14.319"/>
  <system-out/>
</testsuite> <!-- otherLeadActivitiesPack.AddingInterestedPropertyTest -->
