<?xml version="1.0" encoding="UTF-8"?>
<!-- Generated by org.testng.reporters.JUnitReportReporter -->
<testsuite hostname="aniket-Latitude-3410" failures="0" tests="1" name="login.Sales_LoginTest" time="9.021" errors="0" timestamp="2023-09-21T19:15:07 IST" skipped="0">
  <testcase classname="login.Sales_LoginTest" name="salesLoginTest" time="9.021"/>
  <system-out/>
</testsuite> <!-- login.Sales_LoginTest -->
