<?xml version="1.0" encoding="UTF-8"?>
<!-- Generated by org.testng.reporters.JUnitReportReporter -->
<testsuite hostname="aniket-Latitude-3410" failures="0" tests="1" name="inventory.AddingNewFloorPlanTest" time="26.415" errors="0" timestamp="2023-08-02T17:23:18 IST" skipped="0">
  <testcase classname="inventory.AddingNewFloorPlanTest" name="addingNewFloorPlanTest" time="26.415"/>
  <system-out/>
</testsuite> <!-- inventory.AddingNewFloorPlanTest -->
