<?xml version="1.0" encoding="UTF-8"?>
<!-- Generated by org.testng.reporters.JUnitReportReporter -->
<testsuite hostname="aniket-Latitude-3410" failures="0" tests="1" name="otherLeadActivitiesPack.MergingTwoLeadsFromSameStagesTest" time="37.500" errors="0" timestamp="2023-08-16T17:19:43 IST" skipped="0">
  <testcase classname="otherLeadActivitiesPack.MergingTwoLeadsFromSameStagesTest" name="mergingTwoLeadsFromSameStagesTest" time="37.500"/>
  <system-out/>
</testsuite> <!-- otherLeadActivitiesPack.MergingTwoLeadsFromSameStagesTest -->
