<?xml version="1.0" encoding="UTF-8"?>
<!-- Generated by org.testng.reporters.JUnitReportReporter -->
<testsuite hostname="aniket-Latitude-3410" failures="0" tests="1" name="exportPackage.ExportProjectsTest" time="61.902" errors="0" timestamp="2023-08-14T15:06:50 IST" skipped="0">
  <testcase classname="exportPackage.ExportProjectsTest" name="exportProjectsTest" time="61.902"/>
  <system-out/>
</testsuite> <!-- exportPackage.ExportProjectsTest -->
