<?xml version="1.0" encoding="UTF-8"?>
<!-- Generated by org.testng.reporters.JUnitReportReporter -->
<testsuite hostname="aniket-Latitude-3410" failures="0" tests="10" name="Aniket.UserManagment.LoginValidation" time="35.199" errors="0" timestamp="2023-06-06T19:24:24 IST" skipped="0">
  <testcase classname="Aniket.UserManagment.LoginValidation" name="validateLogin" time="3.763"/>
  <system-out/>
  <testcase classname="Aniket.UserManagment.LoginValidation" name="validateLogin" time="4.029"/>
  <system-out/>
  <testcase classname="Aniket.UserManagment.LoginValidation" name="validateLogin" time="3.904"/>
  <system-out/>
  <testcase classname="Aniket.UserManagment.LoginValidation" name="validateLogin" time="3.082"/>
  <system-out/>
  <testcase classname="Aniket.UserManagment.LoginValidation" name="validateLogin" time="3.333"/>
  <system-out/>
  <testcase classname="Aniket.UserManagment.LoginValidation" name="validateLogin" time="3.204"/>
  <system-out/>
  <testcase classname="Aniket.UserManagment.LoginValidation" name="validateLogin" time="3.519"/>
  <system-out/>
  <testcase classname="Aniket.UserManagment.LoginValidation" name="validateLogin" time="3.167"/>
  <system-out/>
  <testcase classname="Aniket.UserManagment.LoginValidation" name="validateLogin" time="3.294"/>
  <system-out/>
  <testcase classname="Aniket.UserManagment.LoginValidation" name="validateLogin" time="3.904"/>
  <system-out/>
</testsuite> <!-- Aniket.UserManagment.LoginValidation -->
