<?xml version="1.0" encoding="UTF-8"?>
<!-- Generated by org.testng.reporters.JUnitReportReporter -->
<testsuite hostname="aniket-Latitude-3410" failures="0" tests="1" name="login.SalesManager_LoginTest" time="8.611" errors="0" timestamp="2023-09-21T19:16:43 IST" skipped="0">
  <testcase classname="login.SalesManager_LoginTest" name="salesManagerLoginTest" time="8.611"/>
  <system-out/>
</testsuite> <!-- login.SalesManager_LoginTest -->
