<?xml version="1.0" encoding="UTF-8"?>
<!-- Generated by org.testng.reporters.JUnitReportReporter -->
<testsuite hostname="aniket-Latitude-3410" failures="0" tests="1" name="otherLeadActivitiesPack.MarkingOnBreakTest" time="21.573" errors="0" timestamp="2023-08-16T17:00:47 IST" skipped="0">
  <testcase classname="otherLeadActivitiesPack.MarkingOnBreakTest" name="markingOnBreakTest" time="21.573"/>
  <system-out/>
</testsuite> <!-- otherLeadActivitiesPack.MarkingOnBreakTest -->
