<?xml version="1.0" encoding="UTF-8"?>
<!-- Generated by org.testng.reporters.JUnitReportReporter -->
<testsuite hostname="aniket-Latitude-3410" failures="0" tests="1" name="otherLeadActivitiesPack.AddingLeadWithUnfilledFormTest" time="11.054" errors="0" timestamp="2023-05-26T10:22:29 IST" skipped="0">
  <testcase classname="otherLeadActivitiesPack.AddingLeadWithUnfilledFormTest" name="addingLeadWithUnfilledFormTest" time="11.054"/>
  <system-out/>
</testsuite> <!-- otherLeadActivitiesPack.AddingLeadWithUnfilledFormTest -->
