<?xml version="1.0" encoding="UTF-8"?>
<!-- Generated by org.testng.reporters.JUnitReportReporter -->
<testsuite hostname="aniket-Latitude-3410" failures="0" tests="1" name="inventory.AddingNewProjectTest" time="22.137" errors="0" timestamp="2023-08-23T18:31:43 IST" skipped="0">
  <testcase classname="inventory.AddingNewProjectTest" name="addingNewProjectTest" time="22.137"/>
  <system-out/>
</testsuite> <!-- inventory.AddingNewProjectTest -->
