<?xml version="1.0" encoding="UTF-8"?>
<!-- Generated by org.testng.reporters.JUnitReportReporter -->
<testsuite hostname="aniket-Latitude-3410" failures="0" tests="1" name="otherLeadActivitiesPack.SendingBrochure_WithTemplateTest" time="24.537" errors="0" timestamp="2023-09-07T11:48:38 IST" skipped="0">
  <testcase classname="otherLeadActivitiesPack.SendingBrochure_WithTemplateTest" name="sendingBrochure_WithTemplateTest" time="24.537"/>
  <system-out/>
</testsuite> <!-- otherLeadActivitiesPack.SendingBrochure_WithTemplateTest -->
