<?xml version="1.0" encoding="UTF-8"?>
<!-- Generated by org.testng.reporters.JUnitReportReporter -->
<testsuite hostname="aniket-Latitude-3410" failures="0" tests="2" name="leadActivities.SendSmsTest" time="42.193" errors="0" timestamp="2023-08-23T18:14:08 IST" skipped="1">
  <testcase classname="leadActivities.SendSmsTest" name="sendingSmsTest" time="19.048"/>
  <system-out/>
  <testcase classname="leadActivities.SendSmsTest" name="sendingSmsTest" time="23.145">
    <skipped/>
  </testcase> <!-- sendingSmsTest -->
  <system-out/>
</testsuite> <!-- leadActivities.SendSmsTest -->
