<?xml version="1.0" encoding="UTF-8"?>
<!-- Generated by org.testng.reporters.JUnitReportReporter -->
<testsuite hostname="aniket-Latitude-3410" failures="0" tests="1" name="leadActivities.MarkOnDefaultBreakTest" time="30.403" errors="0" timestamp="2023-08-09T15:54:34 IST" skipped="0">
  <testcase classname="leadActivities.MarkOnDefaultBreakTest" name="markingOnBreakTest" time="30.403"/>
  <system-out/>
</testsuite> <!-- leadActivities.MarkOnDefaultBreakTest -->
