<?xml version="1.0" encoding="UTF-8"?>
<!-- Generated by org.testng.reporters.JUnitReportReporter -->
<testsuite hostname="aniket-Latitude-3410" failures="0" tests="1" name="leadActivities.SendSmsTest" time="64.698" errors="0" timestamp="2023-05-26T14:24:06 IST" skipped="0">
  <testcase classname="leadActivities.SendSmsTest" name="sendingSmsTest" time="64.698"/>
  <system-out/>
</testsuite> <!-- leadActivities.SendSmsTest -->
