<?xml version="1.0" encoding="UTF-8"?>
<!-- Generated by org.testng.reporters.JUnitReportReporter -->
<testsuite hostname="aniket-Latitude-3410" failures="0" tests="1" name="otherLeadActivitiesPack.SearchingLeadByAdminTest" time="35.853" errors="0" timestamp="2023-08-23T15:02:32 IST" skipped="0">
  <testcase classname="otherLeadActivitiesPack.SearchingLeadByAdminTest" name="searchingLeadByAdminTest" time="35.853"/>
  <system-out/>
</testsuite> <!-- otherLeadActivitiesPack.SearchingLeadByAdminTest -->
