<?xml version="1.0" encoding="UTF-8"?>
<!-- Generated by org.testng.reporters.JUnitReportReporter -->
<testsuite hostname="aniket-Latitude-3410" failures="0" tests="1" name="leadActivities.MarkingSiteVisitDidNotVisitTest" time="42.195" errors="0" timestamp="2023-08-09T15:44:32 IST" skipped="0">
  <testcase classname="leadActivities.MarkingSiteVisitDidNotVisitTest" name="markingSiteVisitDidNotVisitTest" time="42.195"/>
  <system-out/>
</testsuite> <!-- leadActivities.MarkingSiteVisitDidNotVisitTest -->
