<?xml version="1.0" encoding="UTF-8"?>
<!-- Generated by org.testng.reporters.JUnitReportReporter -->
<testsuite hostname="aniket-Latitude-3410" failures="0" tests="1" name="otherLeadActivitiesPack.SendingBrochure_WithoutTemplateTest" time="85.171" errors="0" timestamp="2023-06-05T17:21:43 IST" skipped="0">
  <testcase classname="otherLeadActivitiesPack.SendingBrochure_WithoutTemplateTest" name="sendingBrochure_WithoutTemplateTest" time="85.171"/>
  <system-out/>
</testsuite> <!-- otherLeadActivitiesPack.SendingBrochure_WithoutTemplateTest -->
