<?xml version="1.0" encoding="UTF-8"?>
<!-- Generated by org.testng.reporters.JUnitReportReporter -->
<testsuite hostname="aniket-Latitude-3410" failures="0" tests="1" name="CreateClient.CreateClinet" time="98.995" errors="0" timestamp="2023-12-07T18:28:18 IST" skipped="0">
  <testcase classname="CreateClient.CreateClinet" name="createPrepaidClient" time="98.995"/>
</testsuite> <!-- CreateClient.CreateClinet -->
