<?xml version="1.0" encoding="UTF-8"?>
<!-- Generated by org.testng.reporters.JUnitReportReporter -->
<testsuite hostname="aniket-Latitude-3410" failures="0" tests="2" name="dashboardBucketsPack.MissedFollowup_VerificationTest" time="113.701" errors="0" timestamp="2023-07-11T18:35:25 IST" skipped="1">
  <testcase classname="dashboardBucketsPack.MissedFollowup_VerificationTest" name="missedFollowup_VerificationTest" time="38.248">
    <skipped/>
  </testcase> <!-- missedFollowup_VerificationTest -->
  <system-out/>
  <testcase classname="dashboardBucketsPack.MissedFollowup_VerificationTest" name="missedFollowup_VerificationTest" time="75.453"/>
  <system-out/>
</testsuite> <!-- dashboardBucketsPack.MissedFollowup_VerificationTest -->
