<?xml version="1.0" encoding="UTF-8"?>
<!-- Generated by org.testng.reporters.JUnitReportReporter -->
<testsuite hostname="aniket-Latitude-3410" failures="0" tests="1" name="dashboardBucketsPack.NewEnquiries_VerificationTest" time="40.147" errors="0" timestamp="2023-11-15T16:14:42 IST" skipped="0">
  <testcase classname="dashboardBucketsPack.NewEnquiries_VerificationTest" name="newEnquiries_VerificationTest" time="40.147"/>
</testsuite> <!-- dashboardBucketsPack.NewEnquiries_VerificationTest -->
