<?xml version="1.0" encoding="UTF-8"?>
<!-- Generated by org.testng.reporters.JUnitReportReporter -->
<testsuite hostname="aniket-Latitude-3410" failures="0" tests="1" name="leadStagesPack.ChangingStage_OpportunityToLostTest" time="17.320" errors="0" timestamp="2023-08-23T18:17:34 IST" skipped="0">
  <testcase classname="leadStagesPack.ChangingStage_OpportunityToLostTest" name="changingStage_OpportunityToLostTest" time="17.320"/>
  <system-out/>
</testsuite> <!-- leadStagesPack.ChangingStage_OpportunityToLostTest -->
