<?xml version="1.0" encoding="UTF-8"?>
<!-- Generated by org.testng.reporters.JUnitReportReporter -->
<testsuite hostname="aniket-Latitude-3410" failures="0" tests="1" name="inventory.AddingNewUnitTest" time="32.676" errors="0" timestamp="2023-08-03T19:40:34 IST" skipped="0">
  <testcase classname="inventory.AddingNewUnitTest" name="addingNewUnitTest" time="32.676"/>
  <system-out/>
</testsuite> <!-- inventory.AddingNewUnitTest -->
