<?xml version="1.0" encoding="UTF-8"?>
<!-- Generated by org.testng.reporters.JUnitReportReporter -->
<testsuite hostname="aniket-Latitude-3410" failures="0" tests="1" name="importPack.ImportLeads" time="13.718" errors="0" timestamp="2023-10-24T19:02:55 IST" skipped="0">
  <testcase classname="importPack.ImportLeads" name="demorr" time="13.718"/>
  <system-out/>
</testsuite> <!-- importPack.ImportLeads -->
