<?xml version="1.0" encoding="UTF-8"?>
<!-- Generated by org.testng.reporters.JUnitReportReporter -->
<testsuite hostname="aniket-Latitude-3410" failures="0" tests="1" name="otherLeadActivitiesPack.LeadBooking_NonInventory_TentativeTest" time="48.583" errors="0" timestamp="2023-05-23T18:36:57 IST" skipped="0">
  <testcase classname="otherLeadActivitiesPack.LeadBooking_NonInventory_TentativeTest" name="bookingALead_ConfirmedTest" time="48.583"/>
  <system-out/>
</testsuite> <!-- otherLeadActivitiesPack.LeadBooking_NonInventory_TentativeTest -->
