<?xml version="1.0" encoding="UTF-8"?>
<!-- Generated by org.testng.reporters.JUnitReportReporter -->
<testsuite hostname="aniket-Latitude-3410" failures="0" tests="1" name="otherLeadActivitiesPack.MergingTwoLeadsFromSameStagesTest" time="38.640" errors="0" timestamp="2023-05-31T22:53:56 IST" skipped="0">
  <testcase classname="otherLeadActivitiesPack.MergingTwoLeadsFromSameStagesTest" name="mergingTwoLeadsFromSameStagesTest" time="38.640"/>
  <system-out/>
</testsuite> <!-- otherLeadActivitiesPack.MergingTwoLeadsFromSameStagesTest -->
