<?xml version="1.0" encoding="UTF-8"?>
<!-- Generated by org.testng.reporters.JUnitReportReporter -->
<testsuite hostname="aniket-Latitude-3410" failures="0" tests="1" name="campaignSetupPack.CreatingCampaign_FilledFormTest" time="47.780" errors="0" timestamp="2023-12-31T17:44:46 IST" skipped="0">
  <testcase classname="campaignSetupPack.CreatingCampaign_FilledFormTest" name="creatingCampaign_FilledFormTest" time="47.780"/>
</testsuite> <!-- campaignSetupPack.CreatingCampaign_FilledFormTest -->
