<?xml version="1.0" encoding="UTF-8"?>
<!-- Generated by org.testng.reporters.JUnitReportReporter -->
<testsuite hostname="aniket-Latitude-3410" failures="0" tests="1" name="exportPackage.ExportCampaignsTest" time="44.334" errors="0" timestamp="2023-08-14T14:39:40 IST" skipped="0">
  <testcase classname="exportPackage.ExportCampaignsTest" name="exportCampaignsTest" time="44.334"/>
  <system-out/>
</testsuite> <!-- exportPackage.ExportCampaignsTest -->
