<?xml version="1.0" encoding="UTF-8"?>
<!-- Generated by org.testng.reporters.JUnitReportReporter -->
<testsuite hostname="aniket-Latitude-3410" failures="0" tests="2" name="exportPackage.ExportProjectUnitsTest" time="56.028" errors="0" timestamp="2023-08-23T17:53:07 IST" skipped="1">
  <testcase classname="exportPackage.ExportProjectUnitsTest" name="exportProjectUnitsTest" time="10.138">
    <skipped/>
  </testcase> <!-- exportProjectUnitsTest -->
  <system-out/>
  <testcase classname="exportPackage.ExportProjectUnitsTest" name="exportProjectUnitsTest" time="45.890"/>
  <system-out/>
</testsuite> <!-- exportPackage.ExportProjectUnitsTest -->
