<?xml version="1.0" encoding="UTF-8"?>
<!-- Generated by org.testng.reporters.JUnitReportReporter -->
<testsuite hostname="aniket-Latitude-3410" failures="0" tests="1" name="listsPack.EditingBookingListTest" time="21.189" errors="0" timestamp="2023-05-23T17:51:32 IST" skipped="0">
  <testcase classname="listsPack.EditingBookingListTest" name="editingBookingListTest" time="21.189"/>
  <system-out/>
</testsuite> <!-- listsPack.EditingBookingListTest -->
