<?xml version="1.0" encoding="UTF-8"?>
<!-- Generated by org.testng.reporters.JUnitReportReporter -->
<testsuite hostname="aniket-Latitude-3410" failures="0" tests="1" name="userManagementPack.SearchingUserTest" time="35.403" errors="0" timestamp="2023-10-10T18:58:35 IST" skipped="0">
  <testcase classname="userManagementPack.SearchingUserTest" name="searchingUserTest" time="35.403"/>
  <system-out/>
</testsuite> <!-- userManagementPack.SearchingUserTest -->
