<?xml version="1.0" encoding="UTF-8"?>
<!-- Generated by org.testng.reporters.JUnitReportReporter -->
<testsuite hostname="aniket-Latitude-3410" failures="0" tests="1" name="inventory.EditingFloorPlanTest" time="32.648" errors="0" timestamp="2023-08-02T17:27:13 IST" skipped="0">
  <testcase classname="inventory.EditingFloorPlanTest" name="editingFloorPlanTest" time="32.648"/>
  <system-out/>
</testsuite> <!-- inventory.EditingFloorPlanTest -->
