<?xml version="1.0" encoding="UTF-8"?>
<!-- Generated by org.testng.reporters.JUnitReportReporter -->
<testsuite hostname="aniket-Latitude-3410" failures="0" tests="1" name="login.SupportManager_LoginTest" time="49.026" errors="0" timestamp="2023-09-06T19:30:56 IST" skipped="0">
  <testcase classname="login.SupportManager_LoginTest" name="supportManager_LoginTest" time="49.026"/>
  <system-out/>
</testsuite> <!-- login.SupportManager_LoginTest -->
