<?xml version="1.0" encoding="UTF-8"?>
<!-- Generated by org.testng.reporters.JUnitReportReporter -->
<testsuite hostname="aniket-Latitude-3410" failures="0" tests="1" name="exportPackage.ExportVirtualNumbersTest" time="41.237" errors="0" timestamp="2023-08-14T15:18:29 IST" skipped="0">
  <testcase classname="exportPackage.ExportVirtualNumbersTest" name="exportVirtualNumbersTest" time="41.237"/>
  <system-out/>
</testsuite> <!-- exportPackage.ExportVirtualNumbersTest -->
