<?xml version="1.0" encoding="UTF-8"?>
<!-- Generated by org.testng.reporters.JUnitReportReporter -->
<testsuite hostname="aniket-Latitude-3410" failures="0" tests="2" name="leadActivities.AddTaskTest" time="22.124" errors="0" timestamp="2023-08-23T18:14:08 IST" skipped="0">
  <testcase classname="leadActivities.AddTaskTest" name="ChangingTaskStatusTest" time="7.287"/>
  <system-out/>
  <testcase classname="leadActivities.AddTaskTest" name="changingTaskStatusTest" time="14.837"/>
  <system-out/>
</testsuite> <!-- leadActivities.AddTaskTest -->
