<?xml version="1.0" encoding="UTF-8"?>
<!-- Generated by org.testng.reporters.JUnitReportReporter -->
<testsuite hostname="aniket-Latitude-3410" failures="0" tests="1" name="exportPackage.ExportInvoices_ItemizedBill_CalllTest" time="61.134" errors="0" timestamp="2023-08-14T14:52:03 IST" skipped="0">
  <testcase classname="exportPackage.ExportInvoices_ItemizedBill_CalllTest" name="exportInvoices_ItemizedBill_CalllTest" time="61.134"/>
  <system-out/>
</testsuite> <!-- exportPackage.ExportInvoices_ItemizedBill_CalllTest -->
