<?xml version="1.0" encoding="UTF-8"?>
<!-- Generated by org.testng.reporters.JUnitReportReporter -->
<testsuite hostname="aniket-Latitude-3410" failures="0" tests="1" name="otherLeadActivitiesPack.MergingTwoLeadsFromDiffStagesTest" time="28.183" errors="0" timestamp="2023-08-16T17:18:28 IST" skipped="0">
  <testcase classname="otherLeadActivitiesPack.MergingTwoLeadsFromDiffStagesTest" name="mergingTwoLeadsFromDiffStagesTest" time="28.183"/>
  <system-out/>
</testsuite> <!-- otherLeadActivitiesPack.MergingTwoLeadsFromDiffStagesTest -->
