<?xml version="1.0" encoding="UTF-8"?>
<!-- Generated by org.testng.reporters.JUnitReportReporter -->
<testsuite hostname="aniket-Latitude-3410" failures="0" tests="1" name="leadActivities.AddConductedSiteVisitTest" time="12.741" errors="0" timestamp="2023-08-09T14:54:21 IST" skipped="0">
  <testcase classname="leadActivities.AddConductedSiteVisitTest" name="addConductedSiteVisitTest" time="12.741"/>
  <system-out/>
</testsuite> <!-- leadActivities.AddConductedSiteVisitTest -->
