<?xml version="1.0" encoding="UTF-8"?>
<!-- Generated by org.testng.reporters.JUnitReportReporter -->
<testsuite hostname="aniket-Latitude-3410" failures="0" tests="1" name="channelPartnerPack.SearchingChannelPartnerTest" time="24.920" errors="0" timestamp="2023-12-20T17:48:47 IST" skipped="0">
  <testcase classname="channelPartnerPack.SearchingChannelPartnerTest" name="searchingChannelPartnerTest" time="24.920"/>
</testsuite> <!-- channelPartnerPack.SearchingChannelPartnerTest -->
