<?xml version="1.0" encoding="UTF-8"?>
<!-- Generated by org.testng.reporters.JUnitReportReporter -->
<testsuite hostname="aniket-Latitude-3410" failures="0" tests="1" name="inventory.AddingNewFloorPlanTest" time="25.816" errors="0" timestamp="2023-08-09T14:45:59 IST" skipped="0">
  <testcase classname="inventory.AddingNewFloorPlanTest" name="addingNewFloorPlanTest" time="25.816"/>
  <system-out/>
</testsuite> <!-- inventory.AddingNewFloorPlanTest -->
