<?xml version="1.0" encoding="UTF-8"?>
<!-- Generated by org.testng.reporters.JUnitReportReporter -->
<testsuite hostname="aniket-Latitude-3410" failures="0" tests="1" name="channelPartnerPack.EditingChannelPartnerTest" time="27.363" errors="0" timestamp="2023-12-20T17:47:45 IST" skipped="0">
  <testcase classname="channelPartnerPack.EditingChannelPartnerTest" name="editingChannelPartnerTest" time="27.363"/>
</testsuite> <!-- channelPartnerPack.EditingChannelPartnerTest -->
