<?xml version="1.0" encoding="UTF-8"?>
<!-- Generated by org.testng.reporters.JUnitReportReporter -->
<testsuite hostname="aniket-Latitude-3410" failures="0" tests="1" name="userManagementPack.ClientCreationPostPaid" time="42.403" errors="0" timestamp="2023-10-10T16:52:17 IST" skipped="0">
  <testcase classname="userManagementPack.ClientCreationPostPaid" name="creatingClientfromSupport" time="42.403"/>
  <system-out/>
</testsuite> <!-- userManagementPack.ClientCreationPostPaid -->
