<?xml version="1.0" encoding="UTF-8"?>
<!-- Generated by org.testng.reporters.JUnitReportReporter -->
<testsuite hostname="aniket-Latitude-3410" failures="0" tests="2" name="leadActivities.LogOfflineCall_InboundNotAnsweredTest" time="17.699" errors="0" timestamp="2023-08-23T18:14:08 IST" skipped="1">
  <testcase classname="leadActivities.LogOfflineCall_InboundNotAnsweredTest" name="logOfflineCall_InboundNotAnsweredTest" time="8.583"/>
  <system-out/>
  <testcase classname="leadActivities.LogOfflineCall_InboundNotAnsweredTest" name="logOfflineCall_InboundNotAnsweredTest" time="9.116">
    <skipped/>
  </testcase> <!-- logOfflineCall_InboundNotAnsweredTest -->
  <system-out/>
</testsuite> <!-- leadActivities.LogOfflineCall_InboundNotAnsweredTest -->
