<?xml version="1.0" encoding="UTF-8"?>
<!-- Generated by org.testng.reporters.JUnitReportReporter -->
<testsuite hostname="aniket-Latitude-3410" failures="0" tests="1" name="CreateClient.CreateClinet" time="116.238" errors="0" timestamp="2023-10-05T22:32:29 IST" skipped="0">
  <testcase classname="CreateClient.CreateClinet" name="createPrepaidClient" time="116.238"/>
  <system-out/>
</testsuite> <!-- CreateClient.CreateClinet -->
