<?xml version="1.0" encoding="UTF-8"?>
<!-- Generated by org.testng.reporters.JUnitReportReporter -->
<testsuite hostname="aniket-Latitude-3410" failures="0" tests="1" name="listsPack.AddingNewBookingListTest" time="13.978" errors="0" timestamp="2023-08-10T13:27:46 IST" skipped="0">
  <testcase classname="listsPack.AddingNewBookingListTest" name="addingNewBookingListTest" time="13.978"/>
  <system-out/>
</testsuite> <!-- listsPack.AddingNewBookingListTest -->
