<?xml version="1.0" encoding="UTF-8"?>
<!-- Generated by org.testng.reporters.JUnitReportReporter -->
<testsuite hostname="aniket-Latitude-3410" failures="0" tests="1" name="exportPackage.ExportBookingsTest" time="46.670" errors="0" timestamp="2023-07-20T14:40:57 IST" skipped="0">
  <testcase classname="exportPackage.ExportBookingsTest" name="exportBookingsTest" time="46.670"/>
  <system-out/>
</testsuite> <!-- exportPackage.ExportBookingsTest -->
