<?xml version="1.0" encoding="UTF-8"?>
<!-- Generated by org.testng.reporters.JUnitReportReporter -->
<testsuite hostname="aniket-Latitude-3410" failures="0" tests="1" name="leadActivities.ChangingSiteVisitStatusTest" time="19.887" errors="0" timestamp="2023-08-09T15:06:00 IST" skipped="0">
  <testcase classname="leadActivities.ChangingSiteVisitStatusTest" name="changingSiteVisitStatusTest" time="19.887"/>
  <system-out/>
</testsuite> <!-- leadActivities.ChangingSiteVisitStatusTest -->
