<?xml version="1.0" encoding="UTF-8"?>
<!-- Generated by org.testng.reporters.JUnitReportReporter -->
<testsuite hostname="aniket-Latitude-3410" failures="0" tests="1" name="CreateClient.CreateClinet" time="31.482" errors="0" timestamp="2023-12-15T16:22:07 IST" skipped="0">
  <testcase classname="CreateClient.CreateClinet" name="createPostpaidClient" time="31.482"/>
</testsuite> <!-- CreateClient.CreateClinet -->
