<?xml version="1.0" encoding="UTF-8"?>
<!-- Generated by org.testng.reporters.JUnitReportReporter -->
<testsuite hostname="aniket-Latitude-3410" failures="0" tests="1" name="leadActivities.PushToSalesTest" time="70.706" errors="0" timestamp="2023-09-21T18:56:13 IST" skipped="0">
  <testcase classname="leadActivities.PushToSalesTest" name="pushingLeadTest_ForwardingOff" time="70.706"/>
  <system-out/>
</testsuite> <!-- leadActivities.PushToSalesTest -->
