<?xml version="1.0" encoding="UTF-8"?>
<!-- Generated by org.testng.reporters.JUnitReportReporter -->
<testsuite hostname="aniket-Latitude-3410" failures="0" tests="1" name="userManagementPack.CreatingPresalesManagerTest" time="41.676" errors="0" timestamp="2023-10-10T17:12:08 IST" skipped="0">
  <testcase classname="userManagementPack.CreatingPresalesManagerTest" name="creatingPresalesManagerTest" time="41.676"/>
  <system-out/>
</testsuite> <!-- userManagementPack.CreatingPresalesManagerTest -->
