<?xml version="1.0" encoding="UTF-8"?>
<!-- Generated by org.testng.reporters.JUnitReportReporter -->
<testsuite hostname="aniket-Latitude-3410" failures="0" tests="1" name="userManagementPack.CreatingSalesUserTest" time="36.828" errors="0" timestamp="2023-10-10T17:21:20 IST" skipped="0">
  <testcase classname="userManagementPack.CreatingSalesUserTest" name="creatingSalesUserTest" time="36.828"/>
  <system-out/>
</testsuite> <!-- userManagementPack.CreatingSalesUserTest -->
