<?xml version="1.0" encoding="UTF-8"?>
<!-- Generated by org.testng.reporters.JUnitReportReporter -->
<testsuite hostname="aniket-Latitude-3410" failures="0" tests="1" name="leadActivities.LogOfflineCall_outboundAnsweredTest" time="16.030" errors="0" timestamp="2023-08-23T18:14:08 IST" skipped="0">
  <testcase classname="leadActivities.LogOfflineCall_outboundAnsweredTest" name="logOfflineCall_outboundAnsweredTest" time="16.030"/>
  <system-out/>
</testsuite> <!-- leadActivities.LogOfflineCall_outboundAnsweredTest -->
