<?xml version="1.0" encoding="UTF-8"?>
<!-- Generated by org.testng.reporters.JUnitReportReporter -->
<testsuite hostname="aniket-Latitude-3410" failures="0" tests="1" name="exportPackage.ExportBookingsTest" time="53.398" errors="0" timestamp="2023-08-14T14:26:31 IST" skipped="0">
  <testcase classname="exportPackage.ExportBookingsTest" name="exportBookingsTest" time="53.398"/>
  <system-out/>
</testsuite> <!-- exportPackage.ExportBookingsTest -->
