<?xml version="1.0" encoding="UTF-8"?>
<!-- Generated by org.testng.reporters.JUnitReportReporter -->
<testsuite hostname="aniket-Latitude-3410" failures="0" tests="1" name="inventory.AddingNewFloorPlanTest" time="13.271" errors="0" timestamp="2023-08-23T18:31:43 IST" skipped="0">
  <testcase classname="inventory.AddingNewFloorPlanTest" name="addingNewFloorPlanTest" time="13.271"/>
  <system-out/>
</testsuite> <!-- inventory.AddingNewFloorPlanTest -->
