<?xml version="1.0" encoding="UTF-8"?>
<!-- Generated by org.testng.reporters.JUnitReportReporter -->
<testsuite hostname="aniket-Latitude-3410" failures="0" tests="1" name="otherLeadActivitiesPack.SendingBrochure_WithTemplateTest" time="34.877" errors="0" timestamp="2023-06-06T19:09:44 IST" skipped="0">
  <testcase classname="otherLeadActivitiesPack.SendingBrochure_WithTemplateTest" name="sendingBrochure_WithTemplateTest" time="34.877"/>
  <system-out/>
</testsuite> <!-- otherLeadActivitiesPack.SendingBrochure_WithTemplateTest -->
