<?xml version="1.0" encoding="UTF-8"?>
<!-- Generated by org.testng.reporters.JUnitReportReporter -->
<testsuite hostname="aniket-Latitude-3410" failures="0" tests="1" name="userManagementPack.EditTeamTest" time="22.579" errors="0" timestamp="2023-10-10T18:47:33 IST" skipped="0">
  <testcase classname="userManagementPack.EditTeamTest" name="editTeamTest" time="22.579"/>
  <system-out/>
</testsuite> <!-- userManagementPack.EditTeamTest -->
