<?xml version="1.0" encoding="UTF-8"?>
<!-- Generated by org.testng.reporters.JUnitReportReporter -->
<testsuite hostname="aniket-Latitude-3410" failures="0" tests="2" name="exportPackage.ExportVirtualNumbersTest" time="50.496" errors="0" timestamp="2023-08-23T17:53:07 IST" skipped="1">
  <testcase classname="exportPackage.ExportVirtualNumbersTest" name="exportVirtualNumbersTest" time="14.152">
    <skipped/>
  </testcase> <!-- exportVirtualNumbersTest -->
  <system-out/>
  <testcase classname="exportPackage.ExportVirtualNumbersTest" name="exportVirtualNumbersTest" time="36.344"/>
  <system-out/>
</testsuite> <!-- exportPackage.ExportVirtualNumbersTest -->
