<?xml version="1.0" encoding="UTF-8"?>
<!-- Generated by org.testng.reporters.JUnitReportReporter -->
<testsuite hostname="aniket-Latitude-3410" failures="0" tests="1" name="leadActivities.AddingANoteTest" time="13.633" errors="0" timestamp="2023-08-02T17:41:49 IST" skipped="0">
  <testcase classname="leadActivities.AddingANoteTest" name="addingNoteTest" time="13.633"/>
  <system-out/>
</testsuite> <!-- leadActivities.AddingANoteTest -->
