<?xml version="1.0" encoding="UTF-8"?>
<!-- Generated by org.testng.reporters.JUnitReportReporter -->
<testsuite hostname="aniket-Latitude-3410" failures="0" tests="1" name="exportPackage.ExportInvoices_ItemizedBill_SMSTest" time="47.139" errors="0" timestamp="2023-08-23T17:53:07 IST" skipped="0">
  <testcase classname="exportPackage.ExportInvoices_ItemizedBill_SMSTest" name="exportInvoices_ItemizedBill_SMSTest" time="47.139"/>
  <system-out/>
</testsuite> <!-- exportPackage.ExportInvoices_ItemizedBill_SMSTest -->
