<?xml version="1.0" encoding="UTF-8"?>
<!-- Generated by org.testng.reporters.JUnitReportReporter -->
<testsuite hostname="aniket-Latitude-3410" failures="0" tests="1" name="leadActivities.SendingEmailWithTemplateTest" time="13.055" errors="0" timestamp="2023-08-09T17:49:24 IST" skipped="0">
  <testcase classname="leadActivities.SendingEmailWithTemplateTest" name="sendingEmailWithTemplateTest" time="13.055"/>
  <system-out/>
</testsuite> <!-- leadActivities.SendingEmailWithTemplateTest -->
