<?xml version="1.0" encoding="UTF-8"?>
<!-- Generated by org.testng.reporters.JUnitReportReporter -->
<testsuite hostname="aniket-Latitude-3410" failures="0" tests="1" name="login.Admin_LoginTest" time="18.093" errors="0" timestamp="2023-04-30T21:03:15 IST" skipped="0">
  <testcase classname="login.Admin_LoginTest" name="adminLoginTest" time="18.093"/>
  <system-out/>
</testsuite> <!-- login.Admin_LoginTest -->
