<?xml version="1.0" encoding="UTF-8"?>
<!-- Generated by org.testng.reporters.JUnitReportReporter -->
<testsuite hostname="aniket-Latitude-3410" failures="0" tests="1" name="inventory.EditingFloorPlanTest" time="29.921" errors="0" timestamp="2023-08-23T18:31:43 IST" skipped="0">
  <testcase classname="inventory.EditingFloorPlanTest" name="editingFloorPlanTest" time="29.921"/>
  <system-out/>
</testsuite> <!-- inventory.EditingFloorPlanTest -->
