<?xml version="1.0" encoding="UTF-8"?>
<!-- Generated by org.testng.reporters.JUnitReportReporter -->
<testsuite hostname="aniket-Latitude-3410" failures="0" tests="1" name="leadStagesPack.ChangingStage_IncomingToProspectTest" time="15.227" errors="0" timestamp="2023-08-10T12:37:25 IST" skipped="0">
  <testcase classname="leadStagesPack.ChangingStage_IncomingToProspectTest" name="changingStage_IncomingToProspectTest" time="15.227"/>
  <system-out/>
</testsuite> <!-- leadStagesPack.ChangingStage_IncomingToProspectTest -->
