<?xml version="1.0" encoding="UTF-8"?>
<!-- Generated by org.testng.reporters.JUnitReportReporter -->
<testsuite hostname="aniket-Latitude-3410" failures="0" tests="1" name="exportPackage.ExportCallsTest" time="8.082" errors="0" timestamp="2023-09-07T14:34:39 IST" skipped="0">
  <testcase classname="exportPackage.ExportCallsTest" name="tett" time="8.082"/>
  <system-out/>
</testsuite> <!-- exportPackage.ExportCallsTest -->
