<?xml version="1.0" encoding="UTF-8"?>
<!-- Generated by org.testng.reporters.JUnitReportReporter -->
<testsuite hostname="aniket-Latitude-3410" failures="0" tests="1" name="CollectionTEst" time="17.439" errors="0" timestamp="2023-05-26T17:18:20 IST" skipped="0">
  <testcase classname="CollectionTEst" name="clickMultipe" time="17.439"/>
  <system-out/>
</testsuite> <!-- CollectionTEst -->
