<?xml version="1.0" encoding="UTF-8"?>
<!-- Generated by org.testng.reporters.JUnitReportReporter -->
<testsuite hostname="aniket-Latitude-3410" failures="0" tests="2" name="exportPackage.ExportProjectsTest" time="62.208" errors="0" timestamp="2023-08-23T17:53:07 IST" skipped="1">
  <testcase classname="exportPackage.ExportProjectsTest" name="exportProjectsTest" time="50.569"/>
  <system-out/>
  <testcase classname="exportPackage.ExportProjectsTest" name="exportProjectsTest" time="11.639">
    <skipped/>
  </testcase> <!-- exportProjectsTest -->
  <system-out/>
</testsuite> <!-- exportPackage.ExportProjectsTest -->
