<?xml version="1.0" encoding="UTF-8"?>
<!-- Generated by org.testng.reporters.JUnitReportReporter -->
<testsuite hostname="aniket-Latitude-3410" failures="0" tests="1" name="WorkFlowTest.followupTest" time="78.111" errors="0" timestamp="2023-06-19T21:43:34 IST" skipped="0">
  <testcase classname="WorkFlowTest.followupTest" name="test" time="78.111"/>
  <system-out/>
</testsuite> <!-- WorkFlowTest.followupTest -->
