<?xml version="1.0" encoding="UTF-8"?>
<!-- Generated by org.testng.reporters.JUnitReportReporter -->
<testsuite hostname="aniket-Latitude-3410" failures="0" tests="1" name="listsPack.AddingNewBookingListTest" time="23.171" errors="0" timestamp="2023-08-23T18:35:43 IST" skipped="0">
  <testcase classname="listsPack.AddingNewBookingListTest" name="addingNewBookingListTest" time="23.171"/>
  <system-out/>
</testsuite> <!-- listsPack.AddingNewBookingListTest -->
