<?xml version="1.0" encoding="UTF-8"?>
<!-- Generated by org.testng.reporters.JUnitReportReporter -->
<testsuite hostname="aniket-Latitude-3410" failures="0" tests="1" name="exportPackage.ExportInvoices_ItemizedBill_MarketingActivityTest" time="51.235" errors="0" timestamp="2023-08-14T14:56:40 IST" skipped="0">
  <testcase classname="exportPackage.ExportInvoices_ItemizedBill_MarketingActivityTest" name="exportInvoices_ItemizedBill_MarketingActivityTest" time="51.235"/>
  <system-out/>
</testsuite> <!-- exportPackage.ExportInvoices_ItemizedBill_MarketingActivityTest -->
