<?xml version="1.0" encoding="UTF-8"?>
<!-- Generated by org.testng.reporters.JUnitReportReporter -->
<testsuite hostname="aniket-Latitude-3410" failures="0" tests="2" name="leadActivities.AddTaskTest" time="55.813" errors="0" timestamp="2023-08-09T15:03:20 IST" skipped="0">
  <testcase classname="leadActivities.AddTaskTest" name="changingTaskStatusTest" time="18.147"/>
  <system-out/>
  <testcase classname="leadActivities.AddTaskTest" name="ChangingTaskStatusTest" time="37.666"/>
  <system-out/>
</testsuite> <!-- leadActivities.AddTaskTest -->
