<?xml version="1.0" encoding="UTF-8"?>
<!-- Generated by org.testng.reporters.JUnitReportReporter -->
<testsuite hostname="aniket-Latitude-3410" failures="0" tests="1" name="userManagementPack.CreatingPresalesUserTest" time="36.255" errors="0" timestamp="2023-10-10T17:16:59 IST" skipped="0">
  <testcase classname="userManagementPack.CreatingPresalesUserTest" name="creatingPresalesUserTest" time="36.255"/>
  <system-out/>
</testsuite> <!-- userManagementPack.CreatingPresalesUserTest -->
