<?xml version="1.0" encoding="UTF-8"?>
<!-- Generated by org.testng.reporters.JUnitReportReporter -->
<testsuite hostname="aniket-Latitude-3410" failures="0" tests="1" name="API.APIs" time="3.073" errors="0" timestamp="2023-08-25T16:21:38 IST" skipped="0">
  <testcase classname="API.APIs" name="testtt" time="3.073"/>
  <system-out/>
</testsuite> <!-- API.APIs -->
