<?xml version="1.0" encoding="UTF-8"?>
<!-- Generated by org.testng.reporters.JUnitReportReporter -->
<testsuite hostname="aniket-Latitude-3410" failures="0" tests="1" name="otherLeadActivitiesPack.AddingInterestedPropertyTest" time="12.759" errors="0" timestamp="2023-05-15T10:18:04 IST" skipped="0">
  <testcase classname="otherLeadActivitiesPack.AddingInterestedPropertyTest" name="addingInterestedPropertyTest" time="12.759"/>
  <system-out/>
</testsuite> <!-- otherLeadActivitiesPack.AddingInterestedPropertyTest -->
