<?xml version="1.0" encoding="UTF-8"?>
<!-- Generated by org.testng.reporters.JUnitReportReporter -->
<testsuite hostname="aniket-Latitude-3410" failures="0" tests="1" name="login.Presales_LoginTest" time="11.401" errors="0" timestamp="2023-08-22T18:56:37 IST" skipped="0">
  <testcase classname="login.Presales_LoginTest" name="presalesLoginTest" time="11.401"/>
  <system-out/>
</testsuite> <!-- login.Presales_LoginTest -->
