<?xml version="1.0" encoding="UTF-8"?>
<!-- Generated by org.testng.reporters.JUnitReportReporter -->
<testsuite hostname="aniket-Latitude-3410" failures="0" tests="1" name="leadActivities.MarkingSiteVisitNotInterestedTest" time="83.120" errors="0" timestamp="2023-08-09T15:53:34 IST" skipped="0">
  <testcase classname="leadActivities.MarkingSiteVisitNotInterestedTest" name="markingSiteVisitNotInterestedTest" time="83.120"/>
  <system-out/>
</testsuite> <!-- leadActivities.MarkingSiteVisitNotInterestedTest -->
