<?xml version="1.0" encoding="UTF-8"?>
<!-- Generated by org.testng.reporters.JUnitReportReporter -->
<testsuite hostname="aniket-Latitude-3410" failures="0" tests="1" name="dashboardBucketsPack.MissedFollowup_VerificationTest" time="66.174" errors="0" timestamp="2023-11-14T21:56:12 IST" skipped="0">
  <testcase classname="dashboardBucketsPack.MissedFollowup_VerificationTest" name="missedFollowup_VerificationTest" time="66.174"/>
</testsuite> <!-- dashboardBucketsPack.MissedFollowup_VerificationTest -->
