<?xml version="1.0" encoding="UTF-8"?>
<!-- Generated by org.testng.reporters.JUnitReportReporter -->
<testsuite hostname="aniket-Latitude-3410" failures="0" tests="1" name="leadStagesPack.ChangingStage_UnqualifiedToProspectTest" time="49.608" errors="0" timestamp="2023-05-25T14:26:23 IST" skipped="0">
  <testcase classname="leadStagesPack.ChangingStage_UnqualifiedToProspectTest" name="changingStage_UnqualifiedToProspectTest" time="49.608"/>
  <system-out/>
</testsuite> <!-- leadStagesPack.ChangingStage_UnqualifiedToProspectTest -->
