<?xml version="1.0" encoding="UTF-8"?>
<!-- Generated by org.testng.reporters.JUnitReportReporter -->
<testsuite hostname="aniket-Latitude-3410" failures="0" tests="1" name="otherLeadActivitiesPack.SearchingLeadByAdminTest" time="50.693" errors="0" timestamp="2023-06-04T18:21:48 IST" skipped="0">
  <testcase classname="otherLeadActivitiesPack.SearchingLeadByAdminTest" name="searchingLeadByAdminTest" time="50.693"/>
  <system-out/>
</testsuite> <!-- otherLeadActivitiesPack.SearchingLeadByAdminTest -->
