<?xml version="1.0" encoding="UTF-8"?>
<!-- Generated by org.testng.reporters.JUnitReportReporter -->
<testsuite hostname="aniket-Latitude-3410" failures="0" tests="2" name="exportPackage.ExportPartnersTest" time="53.579" errors="0" timestamp="2023-08-23T17:53:07 IST" skipped="1">
  <testcase classname="exportPackage.ExportPartnersTest" name="exportPartnetsTest" time="44.618"/>
  <system-out/>
  <testcase classname="exportPackage.ExportPartnersTest" name="exportPartnetsTest" time="8.961">
    <skipped/>
  </testcase> <!-- exportPartnetsTest -->
  <system-out/>
</testsuite> <!-- exportPackage.ExportPartnersTest -->
