<?xml version="1.0" encoding="UTF-8"?>
<!-- Generated by org.testng.reporters.JUnitReportReporter -->
<testsuite hostname="aniket-Latitude-3410" failures="0" tests="1" name="dashboardBucketsPack.ReengagedLeads_VerificationTest" time="28.398" errors="0" timestamp="2023-11-16T00:05:16 IST" skipped="0">
  <testcase classname="dashboardBucketsPack.ReengagedLeads_VerificationTest" name="reengagedLeads_VerificationTest" time="28.398"/>
</testsuite> <!-- dashboardBucketsPack.ReengagedLeads_VerificationTest -->
