<?xml version="1.0" encoding="UTF-8"?>
<!-- Generated by org.testng.reporters.JUnitReportReporter -->
<testsuite hostname="aniket-Latitude-3410" failures="0" tests="1" name="exportPackage.ExportUserLogsTest" time="40.792" errors="0" timestamp="2023-08-14T15:13:54 IST" skipped="0">
  <testcase classname="exportPackage.ExportUserLogsTest" name="exportUserLogsTest" time="40.792"/>
  <system-out/>
</testsuite> <!-- exportPackage.ExportUserLogsTest -->
