<?xml version="1.0" encoding="UTF-8"?>
<!-- Generated by org.testng.reporters.JUnitReportReporter -->
<testsuite hostname="aniket-Latitude-3410" failures="0" tests="1" name="leadStagesPack.ChangingStage_IncomingToProspectTest" time="12.556" errors="0" timestamp="2023-08-23T18:17:34 IST" skipped="0">
  <testcase classname="leadStagesPack.ChangingStage_IncomingToProspectTest" name="changingStage_IncomingToProspectTest" time="12.556"/>
  <system-out/>
</testsuite> <!-- leadStagesPack.ChangingStage_IncomingToProspectTest -->
