<?xml version="1.0" encoding="UTF-8"?>
<!-- Generated by org.testng.reporters.JUnitReportReporter -->
<testsuite hostname="aniket-Latitude-3410" failures="0" tests="1" name="exportPackage.ExportProjectUnitsTest" time="47.113" errors="0" timestamp="2023-08-14T15:08:39 IST" skipped="0">
  <testcase classname="exportPackage.ExportProjectUnitsTest" name="exportProjectUnitsTest" time="47.113"/>
  <system-out/>
</testsuite> <!-- exportPackage.ExportProjectUnitsTest -->
