<?xml version="1.0" encoding="UTF-8"?>
<!-- Generated by org.testng.reporters.JUnitReportReporter -->
<testsuite hostname="aniket-Latitude-3410" failures="0" tests="1" name="hhsdhdshg" time="34.024" errors="0" timestamp="2023-06-19T17:02:58 IST" skipped="0">
  <testcase classname="hhsdhdshg" name="a" time="34.024"/>
  <system-out/>
</testsuite> <!-- hhsdhdshg -->
