<?xml version="1.0" encoding="UTF-8"?>
<!-- Generated by org.testng.reporters.JUnitReportReporter -->
<testsuite hostname="aniket-Latitude-3410" failures="0" tests="2" name="leadActivities.ReschedulingSiteVisitTest" time="40.552" errors="0" timestamp="2023-08-23T18:14:08 IST" skipped="1">
  <testcase classname="leadActivities.ReschedulingSiteVisitTest" name="reschedulingSiteVisitTest" time="8.005">
    <skipped/>
  </testcase> <!-- reschedulingSiteVisitTest -->
  <system-out/>
  <testcase classname="leadActivities.ReschedulingSiteVisitTest" name="reschedulingSiteVisitTest" time="32.547"/>
  <system-out/>
</testsuite> <!-- leadActivities.ReschedulingSiteVisitTest -->
