<?xml version="1.0" encoding="UTF-8"?>
<!-- Generated by org.testng.reporters.JUnitReportReporter -->
<testsuite hostname="aniket-Latitude-3410" failures="0" tests="1" name="exportPackage.ExportCallsTest" time="49.016" errors="0" timestamp="2023-08-14T14:28:22 IST" skipped="0">
  <testcase classname="exportPackage.ExportCallsTest" name="exportCallsTest" time="49.016"/>
  <system-out/>
</testsuite> <!-- exportPackage.ExportCallsTest -->
