<?xml version="1.0" encoding="UTF-8"?>
<!-- Generated by org.testng.reporters.JUnitReportReporter -->
<testsuite hostname="aniket-Latitude-3410" failures="0" tests="1" name="userManagementPack.CreatingSalesManagerTest" time="38.254" errors="0" timestamp="2023-10-10T17:19:51 IST" skipped="0">
  <testcase classname="userManagementPack.CreatingSalesManagerTest" name="creatingSalesManagerTest" time="38.254"/>
  <system-out/>
</testsuite> <!-- userManagementPack.CreatingSalesManagerTest -->
