<?xml version="1.0" encoding="UTF-8"?>
<!-- Generated by org.testng.reporters.JUnitReportReporter -->
<testsuite hostname="aniket-Latitude-3410" failures="0" tests="1" name="otherLeadActivitiesPack.AddingNewLeadTest" time="13.251" errors="0" timestamp="2023-08-14T15:27:14 IST" skipped="0">
  <testcase classname="otherLeadActivitiesPack.AddingNewLeadTest" name="addingNewLeadTest" time="13.251"/>
  <system-out/>
</testsuite> <!-- otherLeadActivitiesPack.AddingNewLeadTest -->
