<?xml version="1.0" encoding="UTF-8"?>
<!-- Generated by org.testng.reporters.JUnitReportReporter -->
<testsuite hostname="aniket-Latitude-3410" failures="0" tests="1" name="userManagementPack.CreatingClient_UnfilledformTest" time="8.166" errors="0" timestamp="2023-06-09T12:22:27 IST" skipped="0">
  <testcase classname="userManagementPack.CreatingClient_UnfilledformTest" name="ss" time="8.166"/>
  <system-out/>
</testsuite> <!-- userManagementPack.CreatingClient_UnfilledformTest -->
