<?xml version="1.0" encoding="UTF-8"?>
<!-- Generated by org.testng.reporters.JUnitReportReporter -->
<testsuite hostname="aniket-Latitude-3410" failures="0" tests="2" name="exportPackage.ExportFollowupsTest" time="56.026" errors="0" timestamp="2023-08-23T17:53:07 IST" skipped="1">
  <testcase classname="exportPackage.ExportFollowupsTest" name="exportFollowupsTest" time="10.773">
    <skipped/>
  </testcase> <!-- exportFollowupsTest -->
  <system-out/>
  <testcase classname="exportPackage.ExportFollowupsTest" name="exportFollowupsTest" time="45.253"/>
  <system-out/>
</testsuite> <!-- exportPackage.ExportFollowupsTest -->
