<?xml version="1.0" encoding="UTF-8"?>
<!-- Generated by org.testng.reporters.JUnitReportReporter -->
<testsuite hostname="aniket-Latitude-3410" failures="0" tests="1" name="inventory.SearchingUnitTest" time="16.236" errors="0" timestamp="2023-08-02T17:33:16 IST" skipped="0">
  <testcase classname="inventory.SearchingUnitTest" name="searchingUnitTest" time="16.236"/>
  <system-out/>
</testsuite> <!-- inventory.SearchingUnitTest -->
