<?xml version="1.0" encoding="UTF-8"?>
<!-- Generated by org.testng.reporters.JUnitReportReporter -->
<testsuite hostname="aniket-Latitude-3410" failures="0" tests="1" name="exportPackage.ExportPartnersTest" time="50.290" errors="0" timestamp="2023-08-14T15:04:57 IST" skipped="0">
  <testcase classname="exportPackage.ExportPartnersTest" name="exportPartnetsTest" time="50.290"/>
  <system-out/>
</testsuite> <!-- exportPackage.ExportPartnersTest -->
