<?xml version="1.0" encoding="UTF-8"?>
<!-- Generated by org.testng.reporters.JUnitReportReporter -->
<testsuite hostname="aniket-Latitude-3410" failures="0" tests="1" name="leadActivities.SendSmsTest" time="15.597" errors="0" timestamp="2023-08-10T12:11:33 IST" skipped="0">
  <testcase classname="leadActivities.SendSmsTest" name="sendingSmsTest" time="15.597"/>
  <system-out/>
</testsuite> <!-- leadActivities.SendSmsTest -->
