<?xml version="1.0" encoding="UTF-8"?>
<!-- Generated by org.testng.reporters.JUnitReportReporter -->
<testsuite hostname="aniket-Latitude-3410" failures="0" tests="1" name="leadActivities.LogOfflineCall_OutboundNotAnsweredTest" time="18.220" errors="0" timestamp="2023-08-09T15:41:42 IST" skipped="0">
  <testcase classname="leadActivities.LogOfflineCall_OutboundNotAnsweredTest" name="logOfflineCall_OutboundNotAnsweredTest" time="18.220"/>
  <system-out/>
</testsuite> <!-- leadActivities.LogOfflineCall_OutboundNotAnsweredTest -->
