<?xml version="1.0" encoding="UTF-8"?>
<!-- Generated by org.testng.reporters.JUnitReportReporter -->
<testsuite hostname="aniket-Latitude-3410" failures="0" tests="1" name="leadStagesPack.ChangingStage_LostToProspectTest" time="53.133" errors="0" timestamp="2023-05-25T14:18:41 IST" skipped="0">
  <testcase classname="leadStagesPack.ChangingStage_LostToProspectTest" name="changingStage_LostToProspectTest" time="53.133"/>
  <system-out/>
</testsuite> <!-- leadStagesPack.ChangingStage_LostToProspectTest -->
