<?xml version="1.0" encoding="UTF-8"?>
<!-- Generated by org.testng.reporters.JUnitReportReporter -->
<testsuite hostname="aniket-Latitude-3410" failures="0" tests="1" name="exportPackage.ExportInvoices_ItemizedBill_EmailTest" time="54.718" errors="0" timestamp="2023-05-17T17:39:03 IST" skipped="0">
  <testcase classname="exportPackage.ExportInvoices_ItemizedBill_EmailTest" name="exportInvoices_ItemizedBill_EmailTest" time="54.718"/>
  <system-out/>
</testsuite> <!-- exportPackage.ExportInvoices_ItemizedBill_EmailTest -->
