<?xml version="1.0" encoding="UTF-8"?>
<!-- Generated by org.testng.reporters.JUnitReportReporter -->
<testsuite hostname="aniket-Latitude-3410" failures="0" tests="1" name="leadActivities.FollowupTests" time="70.615" errors="0" timestamp="2023-05-23T18:09:46 IST" skipped="0">
  <testcase classname="leadActivities.FollowupTests" name="scheduleFollowup" time="70.615"/>
  <system-out/>
</testsuite> <!-- leadActivities.FollowupTests -->
