<?xml version="1.0" encoding="UTF-8"?>
<!-- Generated by org.testng.reporters.JUnitReportReporter -->
<testsuite hostname="aniket-Latitude-3410" failures="0" tests="1" name="leadActivities.SendingEmailWithCCandBCCTest" time="44.435" errors="0" timestamp="2023-05-23T12:31:51 IST" skipped="0">
  <testcase classname="leadActivities.SendingEmailWithCCandBCCTest" name="sendingEmailWithCCandBCCTest" time="44.435"/>
  <system-out/>
</testsuite> <!-- leadActivities.SendingEmailWithCCandBCCTest -->
