<?xml version="1.0" encoding="UTF-8"?>
<!-- Generated by org.testng.reporters.JUnitReportReporter -->
<testsuite hostname="aniket-Latitude-3410" failures="0" tests="1" name="listsPack.EditingLeadSearchListTest" time="14.829" errors="0" timestamp="2023-05-23T17:55:39 IST" skipped="0">
  <testcase classname="listsPack.EditingLeadSearchListTest" name="editingLeadSearchListTest" time="14.829"/>
  <system-out/>
</testsuite> <!-- listsPack.EditingLeadSearchListTest -->
