<?xml version="1.0" encoding="UTF-8"?>
<!-- Generated by org.testng.reporters.JUnitReportReporter -->
<testsuite hostname="aniket-Latitude-3410" failures="0" tests="1" name="otherLeadActivitiesPack.AddingNewLeadTest" time="14.008" errors="0" timestamp="2023-05-15T22:33:55 IST" skipped="0">
  <testcase classname="otherLeadActivitiesPack.AddingNewLeadTest" name="addingNewLeadTest" time="14.008"/>
  <system-out/>
</testsuite> <!-- otherLeadActivitiesPack.AddingNewLeadTest -->
