<?xml version="1.0" encoding="UTF-8"?>
<!-- Generated by org.testng.reporters.JUnitReportReporter -->
<testsuite hostname="aniket-Latitude-3410" failures="0" tests="1" name="channelPartnerPack.AddingChannelPartner_FilledFormTest" time="18.373" errors="0" timestamp="2023-07-21T13:17:28 IST" skipped="0">
  <testcase classname="channelPartnerPack.AddingChannelPartner_FilledFormTest" name="addingChannelPartner_FilledFormTest" time="18.373"/>
  <system-out/>
</testsuite> <!-- channelPartnerPack.AddingChannelPartner_FilledFormTest -->
