<?xml version="1.0" encoding="UTF-8"?>
<!-- Generated by org.testng.reporters.JUnitReportReporter -->
<testsuite hostname="aniket-Latitude-3410" failures="0" tests="1" name="leadActivities.ReschedulingSiteVisitTest" time="55.425" errors="0" timestamp="2023-05-23T11:52:13 IST" skipped="0">
  <testcase classname="leadActivities.ReschedulingSiteVisitTest" name="reschedulingSiteVisitTest" time="55.425"/>
  <system-out/>
</testsuite> <!-- leadActivities.ReschedulingSiteVisitTest -->
