<?xml version="1.0" encoding="UTF-8"?>
<!-- Generated by org.testng.reporters.JUnitReportReporter -->
<testsuite hostname="aniket-Latitude-3410" failures="0" tests="1" name="inventory.EditingProjectTest" time="35.514" errors="0" timestamp="2023-08-02T17:28:04 IST" skipped="0">
  <testcase classname="inventory.EditingProjectTest" name="editingProjectTest" time="35.514"/>
  <system-out/>
</testsuite> <!-- inventory.EditingProjectTest -->
