<?xml version="1.0" encoding="UTF-8"?>
<!-- Generated by org.testng.reporters.JUnitReportReporter -->
<testsuite hostname="aniket-Latitude-3410" failures="0" tests="1" name="leadActivities.PushToSalesTest" time="85.234" errors="0" timestamp="2023-08-02T19:08:24 IST" skipped="0">
  <testcase classname="leadActivities.PushToSalesTest" name="pushingLeadTest_ForwardingOff" time="85.234"/>
  <system-out/>
</testsuite> <!-- leadActivities.PushToSalesTest -->
