<?xml version="1.0" encoding="UTF-8"?>
<!-- Generated by org.testng.reporters.JUnitReportReporter -->
<testsuite hostname="aniket-Latitude-3410" failures="0" tests="1" name="leadActivities.MarkingSiteVisitConductedTest" time="20.561" errors="0" timestamp="2023-08-02T18:15:33 IST" skipped="0">
  <testcase classname="leadActivities.MarkingSiteVisitConductedTest" name="markingSiteVisitConductedTest" time="20.561"/>
  <system-out/>
</testsuite> <!-- leadActivities.MarkingSiteVisitConductedTest -->
