<?xml version="1.0" encoding="UTF-8"?>
<!-- Generated by org.testng.reporters.JUnitReportReporter -->
<testsuite hostname="aniket-Latitude-3410" failures="0" tests="1" name="otherLeadActivitiesPack.SendingQuotes_WithTemplateTest" time="48.254" errors="1" timestamp="2023-06-06T18:41:10 IST" skipped="0">
  <testcase classname="otherLeadActivitiesPack.SendingQuotes_WithTemplateTest" name="sendingQuotes_WithTemplateTest" time="48.254">
    <error message="ScreenCapture path must not be null or empty" type="java.lang.IllegalArgumentException">
      <![CDATA[java.lang.IllegalArgumentException: ScreenCapture path must not be null or empty
at com.aventstack.extentreports.util.Assert.notEmpty(Assert.java:12)
at com.aventstack.extentreports.ExtentTest.addScreenCaptureFromPath(ExtentTest.java:1074)
at com.selldo.Utility.Listneers.onTestFailure(Listneers.java:39)
at org.testng.internal.TestListenerHelper.runTestListeners(TestListenerHelper.java:99)
at org.testng.internal.invokers.TestInvoker.runTestResultListener(TestInvoker.java:277)
at org.testng.internal.invokers.TestInvoker.invokeMethod(TestInvoker.java:764)
at org.testng.internal.invokers.TestInvoker.invokeTestMethod(TestInvoker.java:221)
at org.testng.internal.invokers.MethodRunner.runInSequence(MethodRunner.java:50)
at org.testng.internal.invokers.TestInvoker$MethodInvocationAgent.invoke(TestInvoker.java:969)
at org.testng.internal.invokers.TestInvoker.invokeTestMethods(TestInvoker.java:194)
at org.testng.internal.invokers.TestMethodWorker.invokeTestMethods(TestMethodWorker.java:148)
at org.testng.internal.invokers.TestMethodWorker.run(TestMethodWorker.java:128)
at java.base/java.util.concurrent.ThreadPoolExecutor.runWorker(ThreadPoolExecutor.java:1136)
at java.base/java.util.concurrent.ThreadPoolExecutor$Worker.run(ThreadPoolExecutor.java:635)
at java.base/java.lang.Thread.run(Thread.java:833)
]]>
    </error>
  </testcase> <!-- sendingQuotes_WithTemplateTest -->
  <system-out/>
</testsuite> <!-- otherLeadActivitiesPack.SendingQuotes_WithTemplateTest -->
