<?xml version="1.0" encoding="UTF-8"?>
<!-- Generated by org.testng.reporters.JUnitReportReporter -->
<testsuite hostname="aniket-Latitude-3410" failures="0" tests="1" name="leadActivities.PullToSalesTest" time="66.362" errors="0" timestamp="2023-05-21T22:05:08 IST" skipped="0">
  <testcase classname="leadActivities.PullToSalesTest" name="pullToSalesTest" time="66.362"/>
  <system-out/>
</testsuite> <!-- leadActivities.PullToSalesTest -->
