<?xml version="1.0" encoding="UTF-8"?>
<!-- Generated by org.testng.reporters.JUnitReportReporter -->
<testsuite hostname="aniket-Latitude-3410" failures="0" tests="1" name="inventory.AddingNewDeveloperTest" time="26.766" errors="0" timestamp="2023-06-22T12:37:35 IST" skipped="0">
  <testcase classname="inventory.AddingNewDeveloperTest" name="addingNewDeveloperTest" time="26.766"/>
  <system-out/>
</testsuite> <!-- inventory.AddingNewDeveloperTest -->
