<?xml version="1.0" encoding="UTF-8"?>
<!-- Generated by org.testng.reporters.JUnitReportReporter -->
<testsuite hostname="aniket-Latitude-3410" failures="0" tests="1" name="inventory.AddingNewProjectTest" time="16.808" errors="0" timestamp="2023-07-09T22:02:33 IST" skipped="0">
  <testcase classname="inventory.AddingNewProjectTest" name="addingNewProjectTest" time="16.808"/>
  <system-out/>
</testsuite> <!-- inventory.AddingNewProjectTest -->
