<?xml version="1.0" encoding="UTF-8"?>
<!-- Generated by org.testng.reporters.JUnitReportReporter -->
<testsuite hostname="aniket-Latitude-3410" failures="0" tests="1" name="inventory.AddingNewDeveloperTest" time="15.188" errors="0" timestamp="2023-08-02T16:41:45 IST" skipped="0">
  <testcase classname="inventory.AddingNewDeveloperTest" name="addingNewDeveloperTest" time="15.188"/>
  <system-out/>
</testsuite> <!-- inventory.AddingNewDeveloperTest -->
