<?xml version="1.0" encoding="UTF-8"?>
<!-- Generated by org.testng.reporters.JUnitReportReporter -->
<testsuite hostname="aniket-Latitude-3410" failures="0" tests="1" name="leadActivities.SendingEmailTest" time="38.324" errors="0" timestamp="2023-05-23T12:06:49 IST" skipped="0">
  <testcase classname="leadActivities.SendingEmailTest" name="sendingEmailTest" time="38.324"/>
  <system-out/>
</testsuite> <!-- leadActivities.SendingEmailTest -->
