<?xml version="1.0" encoding="UTF-8"?>
<!-- Generated by org.testng.reporters.JUnitReportReporter -->
<testsuite hostname="aniket-Latitude-3410" failures="0" tests="1" name="channelPartnerPack.EditingChannelPartnerTest" time="30.979" errors="0" timestamp="2023-07-21T16:49:10 IST" skipped="0">
  <testcase classname="channelPartnerPack.EditingChannelPartnerTest" name="editingChannelPartnerTest" time="30.979"/>
  <system-out/>
</testsuite> <!-- channelPartnerPack.EditingChannelPartnerTest -->
