<?xml version="1.0" encoding="UTF-8"?>
<!-- Generated by org.testng.reporters.JUnitReportReporter -->
<testsuite hostname="aniket-Latitude-3410" failures="0" tests="1" name="dashboardBucketsPack.UnreadEmail_VerificationTest" time="42.082" errors="0" timestamp="2023-06-08T16:00:57 IST" skipped="0">
  <testcase classname="dashboardBucketsPack.UnreadEmail_VerificationTest" name="unreadEmail_VerificationTest" time="42.082"/>
  <system-out/>
</testsuite> <!-- dashboardBucketsPack.UnreadEmail_VerificationTest -->
