<?xml version="1.0" encoding="UTF-8"?>
<!-- Generated by org.testng.reporters.JUnitReportReporter -->
<testsuite hostname="aniket-Latitude-3410" failures="0" tests="1" name="inventory.EditingDeveloperTest" time="26.516" errors="0" timestamp="2023-07-20T18:39:19 IST" skipped="0">
  <testcase classname="inventory.EditingDeveloperTest" name="editingDeveloperTest" time="26.516"/>
  <system-out/>
</testsuite> <!-- inventory.EditingDeveloperTest -->
