<?xml version="1.0" encoding="UTF-8"?>
<!-- Generated by org.testng.reporters.JUnitReportReporter -->
<testsuite hostname="aniket-Latitude-3410" failures="0" tests="1" name="inventory.AddingNewDeveloperTest" time="17.340" errors="0" timestamp="2023-07-19T20:33:54 IST" skipped="0">
  <testcase classname="inventory.AddingNewDeveloperTest" name="addingNewDeveloperTest" time="17.340"/>
  <system-out/>
</testsuite> <!-- inventory.AddingNewDeveloperTest -->
