<?xml version="1.0" encoding="UTF-8"?>
<!-- Generated by org.testng.reporters.JUnitReportReporter -->
<testsuite hostname="aniket-Latitude-3410" failures="0" tests="1" name="leadActivities.MarkOnDefaultBreakTest" time="23.075" errors="0" timestamp="2023-05-20T01:49:17 IST" skipped="0">
  <testcase classname="leadActivities.MarkOnDefaultBreakTest" name="markingOnBreakTest" time="23.075"/>
  <system-out/>
</testsuite> <!-- leadActivities.MarkOnDefaultBreakTest -->
