<?xml version="1.0" encoding="UTF-8"?>
<!-- Generated by org.testng.reporters.JUnitReportReporter -->
<testsuite hostname="aniket-Latitude-3410" failures="0" tests="1" name="leadActivities.MarkingSiteVisitConductedTest" time="35.230" errors="0" timestamp="2023-05-19T23:35:14 IST" skipped="0">
  <testcase classname="leadActivities.MarkingSiteVisitConductedTest" name="markingSiteVisitConductedTest" time="35.230"/>
  <system-out/>
</testsuite> <!-- leadActivities.MarkingSiteVisitConductedTest -->
