<?xml version="1.0" encoding="UTF-8"?>
<!-- Generated by org.testng.reporters.JUnitReportReporter -->
<testsuite hostname="aniket-Latitude-3410" failures="0" tests="1" name="channelPartnerPack.EditingChannelPartnerTest" time="25.982" errors="0" timestamp="2023-08-02T15:57:36 IST" skipped="0">
  <testcase classname="channelPartnerPack.EditingChannelPartnerTest" name="editingChannelPartnerTest" time="25.982"/>
  <system-out/>
</testsuite> <!-- channelPartnerPack.EditingChannelPartnerTest -->
