<?xml version="1.0" encoding="UTF-8"?>
<!-- Generated by org.testng.reporters.JUnitReportReporter -->
<testsuite hostname="aniket-Latitude-3410" failures="0" tests="2" name="exportPackage.ExportFollowupsTest" time="84.256" errors="0" timestamp="2023-05-17T17:39:03 IST" skipped="1">
  <testcase classname="exportPackage.ExportFollowupsTest" name="exportFollowupsTest" time="48.771"/>
  <system-out/>
  <testcase classname="exportPackage.ExportFollowupsTest" name="exportFollowupsTest" time="35.485">
    <skipped/>
  </testcase> <!-- exportFollowupsTest -->
  <system-out/>
</testsuite> <!-- exportPackage.ExportFollowupsTest -->
