<?xml version="1.0" encoding="UTF-8"?>
<!-- Generated by org.testng.reporters.JUnitReportReporter -->
<testsuite hostname="aniket-Latitude-3410" failures="0" tests="1" name="channelPartnerPack.AddingChannelPartner_MandatoryFillTest" time="15.090" errors="0" timestamp="2023-07-21T14:03:47 IST" skipped="0">
  <testcase classname="channelPartnerPack.AddingChannelPartner_MandatoryFillTest" name="addingChannelPartner_MandatoryFillTest" time="15.090"/>
  <system-out/>
</testsuite> <!-- channelPartnerPack.AddingChannelPartner_MandatoryFillTest -->
