<?xml version="1.0" encoding="UTF-8"?>
<!-- Generated by org.testng.reporters.JUnitReportReporter -->
<testsuite hostname="aniket-Latitude-3410" failures="0" tests="1" name="inventory.AddingNewUnitTest" time="58.309" errors="0" timestamp="2023-04-24T08:07:17 IST" skipped="0">
  <testcase classname="inventory.AddingNewUnitTest" name="addingNewUnitTest" time="58.309"/>
  <system-out/>
</testsuite> <!-- inventory.AddingNewUnitTest -->
