<?xml version="1.0" encoding="UTF-8"?>
<!-- Generated by org.testng.reporters.JUnitReportReporter -->
<testsuite hostname="aniket-Latitude-3410" failures="0" tests="1" name="inventory.AddingNewUnitTest" time="28.470" errors="0" timestamp="2023-07-20T18:33:48 IST" skipped="0">
  <testcase classname="inventory.AddingNewUnitTest" name="addingNewUnitTest" time="28.470"/>
  <system-out/>
</testsuite> <!-- inventory.AddingNewUnitTest -->
