<?xml version="1.0" encoding="UTF-8"?>
<!-- Generated by org.testng.reporters.JUnitReportReporter -->
<testsuite hostname="aniket-Latitude-3410" failures="0" tests="3" name="exportPackage.ExportCampaignsTest" time="161.670" errors="0" timestamp="2023-05-17T17:39:03 IST" skipped="2">
  <testcase classname="exportPackage.ExportCampaignsTest" name="exportCampaignsTest" time="23.586">
    <skipped/>
  </testcase> <!-- exportCampaignsTest -->
  <system-out/>
  <testcase classname="exportPackage.ExportCampaignsTest" name="exportCampaignsTest" time="48.323"/>
  <system-out/>
  <testcase classname="exportPackage.ExportCampaignsTest" name="exportCampaignsTest" time="89.761">
    <skipped/>
  </testcase> <!-- exportCampaignsTest -->
  <system-out/>
</testsuite> <!-- exportPackage.ExportCampaignsTest -->
