<?xml version="1.0" encoding="UTF-8"?>
<!-- Generated by org.testng.reporters.JUnitReportReporter -->
<testsuite hostname="aniket-Latitude-3410" failures="0" tests="1" name="userManagementPack.ClientCreationPostPaid" time="78.341" errors="0" timestamp="2023-06-08T18:04:08 IST" skipped="0">
  <testcase classname="userManagementPack.ClientCreationPostPaid" name="creatingClientfromSupport" time="78.341"/>
  <system-out/>
</testsuite> <!-- userManagementPack.ClientCreationPostPaid -->
