<?xml version="1.0" encoding="UTF-8"?>
<!-- Generated by org.testng.reporters.JUnitReportReporter -->
<testsuite hostname="aniket-Latitude-3410" failures="0" tests="1" name="leadActivities.MarkingSiteVisitDidNotVisitTest" time="43.649" errors="0" timestamp="2023-08-02T18:17:00 IST" skipped="0">
  <testcase classname="leadActivities.MarkingSiteVisitDidNotVisitTest" name="markingSiteVisitDidNotVisitTest" time="43.649"/>
  <system-out/>
</testsuite> <!-- leadActivities.MarkingSiteVisitDidNotVisitTest -->
