<?xml version="1.0" encoding="UTF-8"?>
<!-- Generated by org.testng.reporters.JUnitReportReporter -->
<testsuite hostname="aniket-Latitude-3410" failures="0" tests="1" name="userManagementPack.CreatingPostsalesManagerTest" time="55.544" errors="0" timestamp="2023-06-09T14:12:18 IST" skipped="0">
  <testcase classname="userManagementPack.CreatingPostsalesManagerTest" name="creatingPostsalesManagerTest" time="55.544"/>
  <system-out/>
</testsuite> <!-- userManagementPack.CreatingPostsalesManagerTest -->
