<?xml version="1.0" encoding="UTF-8"?>
<!-- Generated by org.testng.reporters.JUnitReportReporter -->
<testsuite hostname="aniket-Latitude-3410" failures="0" tests="1" name="dashboardBucketsPack.MissedCalls_VerificationTest" time="25.750" errors="0" timestamp="2023-06-07T16:12:45 IST" skipped="0">
  <testcase classname="dashboardBucketsPack.MissedCalls_VerificationTest" name="missedCalls_VerificationTest" time="25.750"/>
  <system-out/>
</testsuite> <!-- dashboardBucketsPack.MissedCalls_VerificationTest -->
