<?xml version="1.0" encoding="UTF-8"?>
<!-- Generated by org.testng.reporters.JUnitReportReporter -->
<testsuite hostname="aniket-Latitude-3410" failures="0" tests="1" name="otherLeadActivitiesPack.SearchingLeadByUserTest" time="63.943" errors="0" timestamp="2023-06-05T10:14:38 IST" skipped="0">
  <testcase classname="otherLeadActivitiesPack.SearchingLeadByUserTest" name="searchingLeadByUserTest" time="63.943"/>
  <system-out/>
</testsuite> <!-- otherLeadActivitiesPack.SearchingLeadByUserTest -->
