<?xml version="1.0" encoding="UTF-8"?>
<!-- Generated by org.testng.reporters.JUnitReportReporter -->
<testsuite hostname="aniket-Latitude-3410" failures="0" tests="1" name="CreateClinet" time="40.962" errors="0" timestamp="2023-07-20T15:37:43 IST" skipped="0">
  <testcase classname="CreateClinet" name="createPostpaidClient" time="40.962"/>
  <system-out/>
</testsuite> <!-- CreateClinet -->
