<?xml version="1.0" encoding="UTF-8"?>
<!-- Generated by org.testng.reporters.JUnitReportReporter -->
<testsuite hostname="aniket-Latitude-3410" failures="0" tests="1" name="userManagementPack.AddingNewTeamTest" time="19.688" errors="0" timestamp="2023-06-07T14:43:44 IST" skipped="0">
  <testcase classname="userManagementPack.AddingNewTeamTest" name="addingNewTeamTest" time="19.688"/>
  <system-out/>
</testsuite> <!-- userManagementPack.AddingNewTeamTest -->
