<?xml version="1.0" encoding="UTF-8"?>
<!-- Generated by org.testng.reporters.JUnitReportReporter -->
<testsuite hostname="aniket-Latitude-3410" failures="0" tests="1" name="userManagementPack.SearchingUserTest" time="152.263" errors="0" timestamp="2023-06-11T21:08:11 IST" skipped="0">
  <testcase classname="userManagementPack.SearchingUserTest" name="searchingUserTest" time="152.263"/>
  <system-out/>
</testsuite> <!-- userManagementPack.SearchingUserTest -->
