<?xml version="1.0" encoding="UTF-8"?>
<!-- Generated by org.testng.reporters.JUnitReportReporter -->
<testsuite hostname="aniket-Latitude-3410" failures="0" tests="1" name="Aniket.UserManagment.ClientCreation" time="26.078" errors="0" timestamp="2023-06-14T15:32:41 IST" skipped="0">
  <testcase classname="Aniket.UserManagment.ClientCreation" name="test" time="26.078"/>
  <system-out/>
</testsuite> <!-- Aniket.UserManagment.ClientCreation -->
