<?xml version="1.0" encoding="UTF-8"?>
<!-- Generated by org.testng.reporters.JUnitReportReporter -->
<testsuite hostname="aniket-Latitude-3410" failures="0" tests="1" name="dashboardBucketsPack.MissedCalls_VerificationTest" time="24.621" errors="0" timestamp="2023-07-09T17:13:05 IST" skipped="0">
  <testcase classname="dashboardBucketsPack.MissedCalls_VerificationTest" name="missedCalls_VerificationTest" time="24.621"/>
  <system-out/>
</testsuite> <!-- dashboardBucketsPack.MissedCalls_VerificationTest -->
