<?xml version="1.0" encoding="UTF-8"?>
<!-- Generated by org.testng.reporters.JUnitReportReporter -->
<testsuite hostname="aniket-Latitude-3410" failures="0" tests="1" name="leadActivities.FollowupTests" time="47.233" errors="0" timestamp="2023-05-19T19:22:43 IST" skipped="0">
  <testcase classname="leadActivities.FollowupTests" name="scheduleFollowup" time="47.233"/>
  <system-out/>
</testsuite> <!-- leadActivities.FollowupTests -->
