<?xml version="1.0" encoding="UTF-8"?>
<!-- Generated by org.testng.reporters.JUnitReportReporter -->
<testsuite hostname="aniket-Latitude-3410" failures="0" tests="1" name="userManagementPack.CreatingPostsalesUserTest" time="51.111" errors="0" timestamp="2023-06-09T14:16:59 IST" skipped="0">
  <testcase classname="userManagementPack.CreatingPostsalesUserTest" name="creatingPostsalesUserTest" time="51.111"/>
  <system-out/>
</testsuite> <!-- userManagementPack.CreatingPostsalesUserTest -->
