<?xml version="1.0" encoding="UTF-8"?>
<!-- Generated by org.testng.reporters.JUnitReportReporter -->
<testsuite hostname="aniket-Latitude-3410" failures="0" tests="1" name="leadActivities.ChangingSiteVisitStatusTest" time="45.631" errors="0" timestamp="2023-05-26T14:05:17 IST" skipped="0">
  <testcase classname="leadActivities.ChangingSiteVisitStatusTest" name="changingSiteVisitStatusTest" time="45.631"/>
  <system-out/>
</testsuite> <!-- leadActivities.ChangingSiteVisitStatusTest -->
