<?xml version="1.0" encoding="UTF-8"?>
<!-- Generated by org.testng.reporters.JUnitReportReporter -->
<testsuite hostname="aniket-Latitude-3410" failures="0" tests="1" name="login.Postsales_LoginTest" time="13.341" errors="0" timestamp="2023-04-30T21:06:05 IST" skipped="0">
  <testcase classname="login.Postsales_LoginTest" name="postsalesLoginTest" time="13.341"/>
  <system-out/>
</testsuite> <!-- login.Postsales_LoginTest -->
