<?xml version="1.0" encoding="UTF-8"?>
<!-- Generated by org.testng.reporters.JUnitReportReporter -->
<testsuite hostname="aniket-Latitude-3410" failures="0" tests="1" name="inventory.EditingDeveloperTest" time="23.381" errors="0" timestamp="2023-08-02T17:26:20 IST" skipped="0">
  <testcase classname="inventory.EditingDeveloperTest" name="editingDeveloperTest" time="23.381"/>
  <system-out/>
</testsuite> <!-- inventory.EditingDeveloperTest -->
