<?xml version="1.0" encoding="UTF-8"?>
<!-- Generated by org.testng.reporters.JUnitReportReporter -->
<testsuite hostname="aniket-Latitude-3410" failures="0" tests="1" name="CreateClinet" time="89.567" errors="0" timestamp="2023-07-19T19:29:24 IST" skipped="0">
  <testcase classname="CreateClinet" name="createPrepaidClient" time="89.567"/>
  <system-out/>
</testsuite> <!-- CreateClinet -->
