<?xml version="1.0" encoding="UTF-8"?>
<!-- Generated by org.testng.reporters.JUnitReportReporter -->
<testsuite hostname="aniket-Latitude-3410" failures="0" tests="3" name="exportPackage.ExportCallsTest" time="174.808" errors="0" timestamp="2023-05-17T17:39:03 IST" skipped="2">
  <testcase classname="exportPackage.ExportCallsTest" name="exportCallsTest" time="67.333">
    <skipped/>
  </testcase> <!-- exportCallsTest -->
  <system-out/>
  <testcase classname="exportPackage.ExportCallsTest" name="exportCallsTest" time="23.539">
    <skipped/>
  </testcase> <!-- exportCallsTest -->
  <system-out/>
  <testcase classname="exportPackage.ExportCallsTest" name="exportCallsTest" time="83.936"/>
  <system-out/>
</testsuite> <!-- exportPackage.ExportCallsTest -->
