<?xml version="1.0" encoding="UTF-8"?>
<!-- Generated by org.testng.reporters.JUnitReportReporter -->
<testsuite hostname="aniket-Latitude-3410" failures="0" tests="2" name="exportPackage.ExportProjectUnitsTest" time="134.076" errors="0" timestamp="2023-05-17T17:39:03 IST" skipped="1">
  <testcase classname="exportPackage.ExportProjectUnitsTest" name="exportProjectUnitsTest" time="50.213"/>
  <system-out/>
  <testcase classname="exportPackage.ExportProjectUnitsTest" name="exportProjectUnitsTest" time="83.863">
    <skipped/>
  </testcase> <!-- exportProjectUnitsTest -->
  <system-out/>
</testsuite> <!-- exportPackage.ExportProjectUnitsTest -->
