<?xml version="1.0" encoding="UTF-8"?>
<!-- Generated by org.testng.reporters.JUnitReportReporter -->
<testsuite hostname="aniket-Latitude-3410" failures="0" tests="1" name="leadStagesPack.ChangingStage_ProspectToUnqualifiedTest" time="54.387" errors="0" timestamp="2023-05-25T14:24:47 IST" skipped="0">
  <testcase classname="leadStagesPack.ChangingStage_ProspectToUnqualifiedTest" name="changingStage_ProspectToUnqualifiedTest" time="54.387"/>
  <system-out/>
</testsuite> <!-- leadStagesPack.ChangingStage_ProspectToUnqualifiedTest -->
