<?xml version="1.0" encoding="UTF-8"?>
<!-- Generated by org.testng.reporters.JUnitReportReporter -->
<testsuite hostname="aniket-Latitude-3410" failures="0" tests="1" name="dashboardBucketsPack.NFA_VerificationTest" time="65.245" errors="0" timestamp="2023-06-28T18:01:21 IST" skipped="0">
  <testcase classname="dashboardBucketsPack.NFA_VerificationTest" name="nFA_VerificationTest" time="65.245"/>
  <system-out/>
</testsuite> <!-- dashboardBucketsPack.NFA_VerificationTest -->
