<?xml version="1.0" encoding="UTF-8"?>
<!-- Generated by org.testng.reporters.JUnitReportReporter -->
<testsuite hostname="aniket-Latitude-3410" failures="0" tests="1" name="dashboardBucketsPack.NewEnquiries_VerificationTest" time="41.344" errors="0" timestamp="2023-07-09T17:13:05 IST" skipped="0">
  <testcase classname="dashboardBucketsPack.NewEnquiries_VerificationTest" name="newEnquiries_VerificationTest" time="41.344"/>
  <system-out/>
</testsuite> <!-- dashboardBucketsPack.NewEnquiries_VerificationTest -->
