<?xml version="1.0" encoding="UTF-8"?>
<!-- Generated by org.testng.reporters.JUnitReportReporter -->
<testsuite hostname="aniket-Latitude-3410" failures="0" tests="1" name="leadActivities.FollowupTests" time="61.986" errors="0" timestamp="2023-08-02T18:07:25 IST" skipped="0">
  <testcase classname="leadActivities.FollowupTests" name="scheduleFollowup" time="61.986"/>
  <system-out/>
</testsuite> <!-- leadActivities.FollowupTests -->
