<?xml version="1.0" encoding="UTF-8"?>
<!-- Generated by org.testng.reporters.JUnitReportReporter -->
<testsuite hostname="aniket-Latitude-3410" failures="0" tests="1" name="dashboardBucketsPack.MissedSitevisit_VerificationTest" time="45.197" errors="0" timestamp="2023-06-28T17:55:16 IST" skipped="0">
  <testcase classname="dashboardBucketsPack.MissedSitevisit_VerificationTest" name="missedSitevisit_VerificationTest" time="45.197"/>
  <system-out/>
</testsuite> <!-- dashboardBucketsPack.MissedSitevisit_VerificationTest -->
