<?xml version="1.0" encoding="UTF-8"?>
<!-- Generated by org.testng.reporters.JUnitReportReporter -->
<testsuite hostname="aniket-Latitude-3410" failures="0" tests="1" name="dashboardBucketsPack.MissedSitevisit_VerificationTest" time="53.641" errors="0" timestamp="2023-06-08T16:50:38 IST" skipped="0">
  <testcase classname="dashboardBucketsPack.MissedSitevisit_VerificationTest" name="missedSitevisit_VerificationTest" time="53.641"/>
  <system-out/>
</testsuite> <!-- dashboardBucketsPack.MissedSitevisit_VerificationTest -->
