<?xml version="1.0" encoding="UTF-8"?>
<!-- Generated by org.testng.reporters.JUnitReportReporter -->
<testsuite hostname="aniket-Latitude-3410" failures="0" tests="1" name="leadActivities.LogOfflineCall_OutboundNotAnsweredTest" time="74.706" errors="0" timestamp="2023-05-26T14:11:22 IST" skipped="0">
  <testcase classname="leadActivities.LogOfflineCall_OutboundNotAnsweredTest" name="logOfflineCall_OutboundNotAnsweredTest" time="74.706"/>
  <system-out/>
</testsuite> <!-- leadActivities.LogOfflineCall_OutboundNotAnsweredTest -->
