<?xml version="1.0" encoding="UTF-8"?>
<!-- Generated by org.testng.reporters.JUnitReportReporter -->
<testsuite hostname="aniket-Latitude-3410" failures="0" tests="1" name="leadActivities.AddConductedSiteVisitTest" time="19.853" errors="0" timestamp="2023-05-19T18:41:52 IST" skipped="0">
  <testcase classname="leadActivities.AddConductedSiteVisitTest" name="addConductedSiteVisitTest" time="19.853"/>
  <system-out/>
</testsuite> <!-- leadActivities.AddConductedSiteVisitTest -->
