<?xml version="1.0" encoding="UTF-8"?>
<!-- Generated by org.testng.reporters.JUnitReportReporter -->
<testsuite hostname="aniket-Latitude-3410" failures="0" tests="1" name="WorkFlowTest.SiteVisitTest" time="76.068" errors="0" timestamp="2023-06-19T22:44:19 IST" skipped="0">
  <testcase classname="WorkFlowTest.SiteVisitTest" name="siteVisitTest" time="76.068"/>
  <system-out/>
</testsuite> <!-- WorkFlowTest.SiteVisitTest -->
