<?xml version="1.0" encoding="UTF-8"?>
<!-- Generated by org.testng.reporters.JUnitReportReporter -->
<testsuite hostname="aniket-Latitude-3410" failures="0" tests="1" name="listsPack.AddingNewLeadSearchListTest" time="23.787" errors="0" timestamp="2023-05-23T17:23:32 IST" skipped="0">
  <testcase classname="listsPack.AddingNewLeadSearchListTest" name="addingNewLeadSearchListTest" time="23.787"/>
  <system-out/>
</testsuite> <!-- listsPack.AddingNewLeadSearchListTest -->
