<?xml version="1.0" encoding="UTF-8"?>
<!-- Generated by org.testng.reporters.JUnitReportReporter -->
<testsuite hostname="aniket-Latitude-3410" failures="0" tests="1" name="inventory.SearchingProjectTowerTest" time="12.832" errors="0" timestamp="2023-08-02T17:32:41 IST" skipped="0">
  <testcase classname="inventory.SearchingProjectTowerTest" name="searchingProjectTowerTest" time="12.832"/>
  <system-out/>
</testsuite> <!-- inventory.SearchingProjectTowerTest -->
