<?xml version="1.0" encoding="UTF-8"?>
<!-- Generated by org.testng.reporters.JUnitReportReporter -->
<testsuite hostname="aniket-Latitude-3410" failures="0" tests="1" name="inventory.AddingNewFloorPlanTest" time="16.510" errors="0" timestamp="2023-07-19T20:34:21 IST" skipped="0">
  <testcase classname="inventory.AddingNewFloorPlanTest" name="addingNewFloorPlanTest" time="16.510"/>
  <system-out/>
</testsuite> <!-- inventory.AddingNewFloorPlanTest -->
