<?xml version="1.0" encoding="UTF-8"?>
<!-- Generated by org.testng.reporters.JUnitReportReporter -->
<testsuite hostname="aniket-Latitude-3410" failures="0" tests="1" name="listsPack.AddingNewBookingListTest" time="19.390" errors="0" timestamp="2023-05-23T17:56:12 IST" skipped="0">
  <testcase classname="listsPack.AddingNewBookingListTest" name="addingNewBookingListTest" time="19.390"/>
  <system-out/>
</testsuite> <!-- listsPack.AddingNewBookingListTest -->
