<?xml version="1.0" encoding="UTF-8"?>
<!-- Generated by org.testng.reporters.JUnitReportReporter -->
<testsuite hostname="aniket-Latitude-3410" failures="0" tests="1" name="inventory.SearchingProjectTest" time="11.472" errors="0" timestamp="2023-07-21T11:43:04 IST" skipped="0">
  <testcase classname="inventory.SearchingProjectTest" name="searchingProjectTest" time="11.472"/>
  <system-out/>
</testsuite> <!-- inventory.SearchingProjectTest -->
