<?xml version="1.0" encoding="UTF-8"?>
<!-- Generated by org.testng.reporters.JUnitReportReporter -->
<testsuite hostname="aniket-Latitude-3410" failures="0" tests="1" name="dashboardBucketsPack.ReengagedLeads_VerificationTest" time="27.621" errors="0" timestamp="2023-07-09T17:13:05 IST" skipped="0">
  <testcase classname="dashboardBucketsPack.ReengagedLeads_VerificationTest" name="reengagedLeads_VerificationTest" time="27.621"/>
  <system-out/>
</testsuite> <!-- dashboardBucketsPack.ReengagedLeads_VerificationTest -->
