<?xml version="1.0" encoding="UTF-8"?>
<!-- Generated by org.testng.reporters.JUnitReportReporter -->
<testsuite hostname="aniket-Latitude-3410" failures="0" tests="1" name="inventory.EditingUnitTest" time="36.100" errors="0" timestamp="2023-07-20T19:29:06 IST" skipped="0">
  <testcase classname="inventory.EditingUnitTest" name="editingUnitTest" time="36.100"/>
  <system-out/>
</testsuite> <!-- inventory.EditingUnitTest -->
