<?xml version="1.0" encoding="UTF-8"?>
<!-- Generated by org.testng.reporters.JUnitReportReporter -->
<testsuite hostname="aniket-Latitude-3410" failures="0" tests="1" name="exportPackage.ExportCallsTest" time="59.531" errors="0" timestamp="2023-05-26T12:59:52 IST" skipped="0">
  <testcase classname="exportPackage.ExportCallsTest" name="exportCallsTest" time="59.531"/>
  <system-out/>
</testsuite> <!-- exportPackage.ExportCallsTest -->
