<?xml version="1.0" encoding="UTF-8"?>
<!-- Generated by org.testng.reporters.JUnitReportReporter -->
<testsuite hostname="aniket-Latitude-3410" failures="0" tests="1" name="otherLeadActivitiesPack.MergingTwoLeadsFromDiffStagesTest" time="44.914" errors="0" timestamp="2023-05-24T13:14:59 IST" skipped="0">
  <testcase classname="otherLeadActivitiesPack.MergingTwoLeadsFromDiffStagesTest" name="mergingTwoLeadsFromDiffStagesTest" time="44.914"/>
  <system-out/>
</testsuite> <!-- otherLeadActivitiesPack.MergingTwoLeadsFromDiffStagesTest -->
