<?xml version="1.0" encoding="UTF-8"?>
<!-- Generated by org.testng.reporters.JUnitReportReporter -->
<testsuite hostname="aniket-Latitude-3410" failures="0" tests="1" name="userManagementPack.EditingUserTest" time="38.610" errors="0" timestamp="2023-06-09T18:07:58 IST" skipped="0">
  <testcase classname="userManagementPack.EditingUserTest" name="editingUserTest" time="38.610"/>
  <system-out/>
</testsuite> <!-- userManagementPack.EditingUserTest -->
