<?xml version="1.0" encoding="UTF-8"?>
<!-- Generated by org.testng.reporters.JUnitReportReporter -->
<testsuite hostname="aniket-Latitude-3410" failures="0" tests="1" name="exportPackage.ExportInvoices_ItemizedBill_SMSTest" time="49.983" errors="0" timestamp="2023-05-17T17:39:03 IST" skipped="0">
  <testcase classname="exportPackage.ExportInvoices_ItemizedBill_SMSTest" name="exportInvoices_ItemizedBill_SMSTest" time="49.983"/>
  <system-out/>
</testsuite> <!-- exportPackage.ExportInvoices_ItemizedBill_SMSTest -->
