<?xml version="1.0" encoding="UTF-8"?>
<!-- Generated by org.testng.reporters.JUnitReportReporter -->
<testsuite hostname="aniket-Latitude-3410" failures="0" tests="1" name="inventory.EditingFloorPlanTest" time="33.252" errors="0" timestamp="2023-07-20T18:44:15 IST" skipped="0">
  <testcase classname="inventory.EditingFloorPlanTest" name="editingFloorPlanTest" time="33.252"/>
  <system-out/>
</testsuite> <!-- inventory.EditingFloorPlanTest -->
