<?xml version="1.0" encoding="UTF-8"?>
<!-- Generated by org.testng.reporters.JUnitReportReporter -->
<testsuite hostname="aniket-Latitude-3410" failures="0" tests="1" name="inventory.EditingProjectTowerTest" time="22.048" errors="0" timestamp="2023-08-02T17:28:42 IST" skipped="0">
  <testcase classname="inventory.EditingProjectTowerTest" name="editingProjectTowerTest" time="22.048"/>
  <system-out/>
</testsuite> <!-- inventory.EditingProjectTowerTest -->
