<?xml version="1.0" encoding="UTF-8"?>
<!-- Generated by org.testng.reporters.JUnitReportReporter -->
<testsuite hostname="aniket-Latitude-3410" failures="0" tests="1" name="leadActivities.LogOfflineCall_outboundAnsweredTest" time="77.078" errors="0" timestamp="2023-05-26T16:41:06 IST" skipped="0">
  <testcase classname="leadActivities.LogOfflineCall_outboundAnsweredTest" name="logOfflineCall_outboundAnsweredTest" time="77.078"/>
  <system-out/>
</testsuite> <!-- leadActivities.LogOfflineCall_outboundAnsweredTest -->
