<?xml version="1.0" encoding="UTF-8"?>
<!-- Generated by org.testng.reporters.JUnitReportReporter -->
<testsuite hostname="aniket-Latitude-3410" failures="0" tests="1" name="userManagementPack.CreatingSalesManagerTest" time="55.878" errors="0" timestamp="2023-06-09T17:38:32 IST" skipped="0">
  <testcase classname="userManagementPack.CreatingSalesManagerTest" name="creatingSalesManagerTest" time="55.878"/>
  <system-out/>
</testsuite> <!-- userManagementPack.CreatingSalesManagerTest -->
