<?xml version="1.0" encoding="UTF-8"?>
<!-- Generated by org.testng.reporters.JUnitReportReporter -->
<testsuite hostname="aniket-Latitude-3410" failures="0" tests="1" name="otherLeadActivitiesPack.SendingQuotes_WithoutTemplateTest" time="29.462" errors="0" timestamp="2023-06-06T19:07:05 IST" skipped="0">
  <testcase classname="otherLeadActivitiesPack.SendingQuotes_WithoutTemplateTest" name="sendingQuotes_WithoutTemplateTest" time="29.462"/>
  <system-out/>
</testsuite> <!-- otherLeadActivitiesPack.SendingQuotes_WithoutTemplateTest -->
