<?xml version="1.0" encoding="UTF-8"?>
<!-- Generated by org.testng.reporters.JUnitReportReporter -->
<testsuite hostname="aniket-Latitude-3410" failures="0" tests="1" name="userManagementPack.EditTeamTest" time="27.658" errors="0" timestamp="2023-06-09T18:09:16 IST" skipped="0">
  <testcase classname="userManagementPack.EditTeamTest" name="editTeamTest" time="27.658"/>
  <system-out/>
</testsuite> <!-- userManagementPack.EditTeamTest -->
