<?xml version="1.0" encoding="UTF-8"?>
<!-- Generated by org.testng.reporters.JUnitReportReporter -->
<testsuite hostname="aniket-Latitude-3410" failures="0" tests="1" name="inventory.AddingNewProjectTowerTest" time="11.383" errors="0" timestamp="2023-08-02T17:18:46 IST" skipped="0">
  <testcase classname="inventory.AddingNewProjectTowerTest" name="addingNewProjectTowerTest" time="11.383"/>
  <system-out/>
</testsuite> <!-- inventory.AddingNewProjectTowerTest -->
