<?xml version="1.0" encoding="UTF-8"?>
<!-- Generated by org.testng.reporters.JUnitReportReporter -->
<testsuite hostname="aniket-Latitude-3410" failures="0" tests="2" name="dashboardBucketsPack.TodaysFollowup_VerificationTest" time="71.828" errors="0" timestamp="2023-07-09T17:13:05 IST" skipped="1">
  <testcase classname="dashboardBucketsPack.TodaysFollowup_VerificationTest" name="todaysFollowup_VerificationTest" time="15.023">
    <skipped/>
  </testcase> <!-- todaysFollowup_VerificationTest -->
  <system-out/>
  <testcase classname="dashboardBucketsPack.TodaysFollowup_VerificationTest" name="todaysFollowup_VerificationTest" time="56.805"/>
  <system-out/>
</testsuite> <!-- dashboardBucketsPack.TodaysFollowup_VerificationTest -->
