<?xml version="1.0" encoding="UTF-8"?>
<!-- Generated by org.testng.reporters.JUnitReportReporter -->
<testsuite hostname="aniket-Latitude-3410" failures="0" tests="1" name="inventory.EditingFloorPlanTest" time="45.449" errors="0" timestamp="2023-06-22T18:53:14 IST" skipped="0">
  <testcase classname="inventory.EditingFloorPlanTest" name="editingFloorPlanTest" time="45.449"/>
  <system-out/>
</testsuite> <!-- inventory.EditingFloorPlanTest -->
