<?xml version="1.0" encoding="UTF-8"?>
<!-- Generated by org.testng.reporters.JUnitReportReporter -->
<testsuite hostname="aniket-Latitude-3410" failures="0" tests="1" name="leadActivities.LogOfflineCall_InboundAnsweredTest" time="38.958" errors="0" timestamp="2023-05-19T19:24:52 IST" skipped="0">
  <testcase classname="leadActivities.LogOfflineCall_InboundAnsweredTest" name="logOfflineCall_InboundAnsweredTest" time="38.958"/>
  <system-out/>
</testsuite> <!-- leadActivities.LogOfflineCall_InboundAnsweredTest -->
