<?xml version="1.0" encoding="UTF-8"?>
<!-- Generated by org.testng.reporters.JUnitReportReporter -->
<testsuite hostname="aniket-Latitude-3410" failures="0" tests="1" name="com.selldo.Utility.demo" time="26.799" errors="0" timestamp="2023-05-02T10:14:04 IST" skipped="0">
  <testcase classname="com.selldo.Utility.demo" name="M1" time="26.799"/>
  <system-out/>
</testsuite> <!-- com.selldo.Utility.demo -->
