<?xml version="1.0" encoding="UTF-8"?>
<!-- Generated by org.testng.reporters.JUnitReportReporter -->
<testsuite hostname="aniket-Latitude-3410" failures="0" tests="1" name="inventory.EditingProjectTowerTest" time="23.205" errors="0" timestamp="2023-07-20T19:17:52 IST" skipped="0">
  <testcase classname="inventory.EditingProjectTowerTest" name="editingProjectTowerTest" time="23.205"/>
  <system-out/>
</testsuite> <!-- inventory.EditingProjectTowerTest -->
