<?xml version="1.0" encoding="UTF-8"?>
<!-- Generated by org.testng.reporters.JUnitReportReporter -->
<testsuite hostname="aniket-Latitude-3410" failures="0" tests="2" name="dashboardBucketsPack.MissedFollowup_VerificationTest" time="98.991" errors="0" timestamp="2023-07-09T17:13:05 IST" skipped="1">
  <testcase classname="dashboardBucketsPack.MissedFollowup_VerificationTest" name="missedFollowup_VerificationTest" time="78.569"/>
  <system-out/>
  <testcase classname="dashboardBucketsPack.MissedFollowup_VerificationTest" name="missedFollowup_VerificationTest" time="20.422">
    <skipped/>
  </testcase> <!-- missedFollowup_VerificationTest -->
  <system-out/>
</testsuite> <!-- dashboardBucketsPack.MissedFollowup_VerificationTest -->
