<?xml version="1.0" encoding="UTF-8"?>
<!-- Generated by org.testng.reporters.JUnitReportReporter -->
<testsuite hostname="aniket-Latitude-3410" failures="0" tests="1" name="leadStagesPack.ChangingStage_ProspectToOpportunityTest" time="48.488" errors="0" timestamp="2023-05-25T14:23:15 IST" skipped="0">
  <testcase classname="leadStagesPack.ChangingStage_ProspectToOpportunityTest" name="changingStage_ProspectToOpportunityTest" time="48.488"/>
  <system-out/>
</testsuite> <!-- leadStagesPack.ChangingStage_ProspectToOpportunityTest -->
