<?xml version="1.0" encoding="UTF-8"?>
<!-- Generated by org.testng.reporters.JUnitReportReporter -->
<testsuite hostname="aniket-Latitude-3410" failures="0" tests="1" name="API.APIs" time="5.159" errors="0" timestamp="2023-07-30T23:05:51 IST" skipped="0">
  <testcase classname="API.APIs" name="Tests" time="5.159"/>
  <system-out/>
</testsuite> <!-- API.APIs -->
