<?xml version="1.0" encoding="UTF-8"?>
<!-- Generated by org.testng.reporters.JUnitReportReporter -->
<testsuite hostname="aniket-Latitude-3410" failures="0" tests="1" name="WorkFlowTest.followupTest" time="72.599" errors="0" timestamp="2023-06-19T18:38:10 IST" skipped="0">
  <testcase classname="WorkFlowTest.followupTest" name="test" time="72.599"/>
  <system-out/>
</testsuite> <!-- WorkFlowTest.followupTest -->
