<?xml version="1.0" encoding="UTF-8"?>
<!-- Generated by org.testng.reporters.JUnitReportReporter -->
<testsuite hostname="aniket-Latitude-3410" failures="0" tests="2" name="leadActivities.AddTaskTest" time="37.806" errors="0" timestamp="2023-05-19T19:07:51 IST" skipped="0">
  <testcase classname="leadActivities.AddTaskTest" name="changingTaskStatusTest" time="22.558"/>
  <system-out/>
  <testcase classname="leadActivities.AddTaskTest" name="ChangingTaskStatusTest" time="15.248"/>
  <system-out/>
</testsuite> <!-- leadActivities.AddTaskTest -->
