<?xml version="1.0" encoding="UTF-8"?>
<!-- Generated by org.testng.reporters.JUnitReportReporter -->
<testsuite hostname="aniket-Latitude-3410" failures="0" tests="1" name="inventory.AddingNewUnitTest" time="28.720" errors="0" timestamp="2023-08-02T17:25:13 IST" skipped="0">
  <testcase classname="inventory.AddingNewUnitTest" name="addingNewUnitTest" time="28.720"/>
  <system-out/>
</testsuite> <!-- inventory.AddingNewUnitTest -->
