<?xml version="1.0" encoding="UTF-8"?>
<!-- Generated by org.testng.reporters.JUnitReportReporter -->
<testsuite hostname="aniket-Latitude-3410" failures="0" tests="1" name="inventory.SearchingFloorPlanTest" time="10.625" errors="0" timestamp="2023-07-21T11:41:39 IST" skipped="0">
  <testcase classname="inventory.SearchingFloorPlanTest" name="searchingFloorPlanTest" time="10.625"/>
  <system-out/>
</testsuite> <!-- inventory.SearchingFloorPlanTest -->
