<?xml version="1.0" encoding="UTF-8"?>
<!-- Generated by org.testng.reporters.JUnitReportReporter -->
<testsuite hostname="aniket-Latitude-3410" failures="0" tests="1" name="leadActivities.AddingANoteTest" time="30.098" errors="0" timestamp="2023-05-19T18:45:47 IST" skipped="0">
  <testcase classname="leadActivities.AddingANoteTest" name="addingNoteTest" time="30.098"/>
  <system-out/>
</testsuite> <!-- leadActivities.AddingANoteTest -->
