<?xml version="1.0" encoding="UTF-8"?>
<!-- Generated by org.testng.reporters.JUnitReportReporter -->
<testsuite hostname="aniket-Latitude-3410" failures="0" tests="1" name="demo1" time="45.529" errors="0" timestamp="2023-05-21T13:58:41 IST" skipped="0">
  <testcase classname="demo1" name="demo" time="45.529"/>
  <system-out/>
</testsuite> <!-- demo1 -->
