<?xml version="1.0" encoding="UTF-8"?>
<!-- Generated by org.testng.reporters.JUnitReportReporter -->
<testsuite hostname="aniket-Latitude-3410" failures="0" tests="1" name="otherLeadActivitiesPack.MergingTwoLeadsFromDiffStagesTest" time="60.537" errors="0" timestamp="2023-05-26T09:58:42 IST" skipped="0">
  <testcase classname="otherLeadActivitiesPack.MergingTwoLeadsFromDiffStagesTest" name="mergingTwoLeadsFromDiffStagesTest" time="60.537"/>
  <system-out/>
</testsuite> <!-- otherLeadActivitiesPack.MergingTwoLeadsFromDiffStagesTest -->
