<?xml version="1.0" encoding="UTF-8"?>
<!-- Generated by org.testng.reporters.JUnitReportReporter -->
<testsuite hostname="aniket-Latitude-3410" failures="0" tests="1" name="exportPackage.ExportLeadsTest" time="49.316" errors="0" timestamp="2023-05-17T17:39:03 IST" skipped="0">
  <testcase classname="exportPackage.ExportLeadsTest" name="exportLeadsTest" time="49.316"/>
  <system-out/>
</testsuite> <!-- exportPackage.ExportLeadsTest -->
