<?xml version="1.0" encoding="UTF-8"?>
<!-- Generated by org.testng.reporters.JUnitReportReporter -->
<testsuite hostname="aniket-Latitude-3410" failures="0" tests="1" name="inventory.EditingProjectTest" time="37.631" errors="0" timestamp="2023-07-20T18:55:16 IST" skipped="0">
  <testcase classname="inventory.EditingProjectTest" name="editingProjectTest" time="37.631"/>
  <system-out/>
</testsuite> <!-- inventory.EditingProjectTest -->
