<?xml version="1.0" encoding="UTF-8"?>
<!-- Generated by org.testng.reporters.JUnitReportReporter -->
<testsuite hostname="aniket-Latitude-3410" failures="0" tests="1" name="inventory.AddingNewProjectTest" time="17.200" errors="0" timestamp="2023-07-19T20:34:44 IST" skipped="0">
  <testcase classname="inventory.AddingNewProjectTest" name="addingNewProjectTest" time="17.200"/>
  <system-out/>
</testsuite> <!-- inventory.AddingNewProjectTest -->
