<?xml version="1.0" encoding="UTF-8"?>
<!-- Generated by org.testng.reporters.JUnitReportReporter -->
<testsuite hostname="aniket-Latitude-3410" failures="0" tests="1" name="otherLeadActivitiesPack.DocumentTest" time="29.266" errors="0" timestamp="2023-05-25T19:23:47 IST" skipped="0">
  <testcase classname="otherLeadActivitiesPack.DocumentTest" name="documentTest" time="29.266"/>
  <system-out/>
</testsuite> <!-- otherLeadActivitiesPack.DocumentTest -->
