<?xml version="1.0" encoding="UTF-8"?>
<!-- Generated by org.testng.reporters.JUnitReportReporter -->
<testsuite hostname="aniket-Latitude-3410" failures="0" tests="1" name="inventory.SearchingDeveloperTest" time="14.694" errors="0" timestamp="2023-08-02T17:31:27 IST" skipped="0">
  <testcase classname="inventory.SearchingDeveloperTest" name="searchingDeveloperTest" time="14.694"/>
  <system-out/>
</testsuite> <!-- inventory.SearchingDeveloperTest -->
