<?xml version="1.0" encoding="UTF-8"?>
<!-- Generated by org.testng.reporters.JUnitReportReporter -->
<testsuite hostname="aniket-Latitude-3410" failures="0" tests="1" name="test2" time="72.989" errors="0" timestamp="2023-07-04T13:35:49 IST" skipped="0">
  <testcase classname="test2" name="createPostpaidClient" time="72.989"/>
  <system-out/>
</testsuite> <!-- test2 -->
