<?xml version="1.0" encoding="UTF-8"?>
<!-- Generated by org.testng.reporters.JUnitReportReporter -->
<testsuite hostname="aniket-Latitude-3410" failures="0" tests="1" name="leadActivities.MarkingSiteVisitNotInterestedTest" time="40.635" errors="0" timestamp="2023-05-25T12:39:36 IST" skipped="0">
  <testcase classname="leadActivities.MarkingSiteVisitNotInterestedTest" name="markingSiteVisitNotInterestedTest" time="40.635"/>
  <system-out/>
</testsuite> <!-- leadActivities.MarkingSiteVisitNotInterestedTest -->
