<?xml version="1.0" encoding="UTF-8"?>
<!-- Generated by org.testng.reporters.JUnitReportReporter -->
<testsuite hostname="aniket-Latitude-3410" failures="0" tests="1" name="CreateClinet" time="113.510" errors="0" timestamp="2023-08-02T11:49:27 IST" skipped="0">
  <testcase classname="CreateClinet" name="createPrepaidClient" time="113.510"/>
  <system-out/>
</testsuite> <!-- CreateClinet -->
