<?xml version="1.0" encoding="UTF-8"?>
<!-- Generated by org.testng.reporters.JUnitReportReporter -->
<testsuite hostname="aniket-Latitude-3410" failures="0" tests="1" name="dashboardBucketsPack.MissedFollowup_VerificationTest" time="40.970" errors="0" timestamp="2023-06-07T16:28:36 IST" skipped="0">
  <testcase classname="dashboardBucketsPack.MissedFollowup_VerificationTest" name="missedFollowup_VerificationTest" time="40.970"/>
  <system-out/>
</testsuite> <!-- dashboardBucketsPack.MissedFollowup_VerificationTest -->
