<?xml version="1.0" encoding="UTF-8"?>
<!-- Generated by org.testng.reporters.JUnitReportReporter -->
<testsuite hostname="aniket-Latitude-3410" failures="0" tests="1" name="otherLeadActivitiesPack.AddingNewLeadWithFilledForm_SalesTest" time="38.456" errors="0" timestamp="2023-05-25T15:23:50 IST" skipped="0">
  <testcase classname="otherLeadActivitiesPack.AddingNewLeadWithFilledForm_SalesTest" name="addingNewLeadWithFilledForm_SalesTest" time="38.456"/>
  <system-out/>
</testsuite> <!-- otherLeadActivitiesPack.AddingNewLeadWithFilledForm_SalesTest -->
