<?xml version="1.0" encoding="UTF-8"?>
<!-- Generated by org.testng.reporters.JUnitReportReporter -->
<testsuite hostname="aniket-Latitude-3410" failures="0" tests="1" name="leadActivities.PushToSalesTest" time="138.450" errors="0" timestamp="2023-05-21T19:16:31 IST" skipped="0">
  <testcase classname="leadActivities.PushToSalesTest" name="pushingLeadTest_ForwardingOff" time="138.450"/>
  <system-out/>
</testsuite> <!-- leadActivities.PushToSalesTest -->
