<?xml version="1.0" encoding="UTF-8"?>
<!-- Generated by org.testng.reporters.JUnitReportReporter -->
<testsuite hostname="aniket-Latitude-3410" failures="0" tests="1" name="leadActivities.SendingEmailWithTemplateTest" time="38.008" errors="0" timestamp="2023-05-26T10:54:47 IST" skipped="0">
  <testcase classname="leadActivities.SendingEmailWithTemplateTest" name="sendingEmailWithTemplateTest" time="38.008"/>
  <system-out/>
</testsuite> <!-- leadActivities.SendingEmailWithTemplateTest -->
