<?xml version="1.0" encoding="UTF-8"?>
<!-- Generated by org.testng.reporters.JUnitReportReporter -->
<testsuite hostname="aniket-Latitude-3410" failures="0" tests="1" name="leadActivities.ReschedulingSiteVisitTest" time="53.863" errors="0" timestamp="2023-08-02T19:11:17 IST" skipped="0">
  <testcase classname="leadActivities.ReschedulingSiteVisitTest" name="reschedulingSiteVisitTest" time="53.863"/>
  <system-out/>
</testsuite> <!-- leadActivities.ReschedulingSiteVisitTest -->
