<?xml version="1.0" encoding="UTF-8"?>
<!-- Generated by org.testng.reporters.JUnitReportReporter -->
<testsuite hostname="aniket-Latitude-3410" failures="0" tests="1" name="leadActivities.SendSmsTest" time="83.823" errors="0" timestamp="2023-05-25T14:07:35 IST" skipped="0">
  <testcase classname="leadActivities.SendSmsTest" name="sendingSmsTest" time="83.823"/>
  <system-out/>
</testsuite> <!-- leadActivities.SendSmsTest -->
