<?xml version="1.0" encoding="UTF-8"?>
<!-- Generated by org.testng.reporters.JUnitReportReporter -->
<testsuite hostname="aniket-Latitude-3410" failures="0" tests="1" name="listsPack.AddingNewLeadSearchListTest" time="29.415" errors="0" timestamp="2023-06-07T19:57:52 IST" skipped="0">
  <testcase classname="listsPack.AddingNewLeadSearchListTest" name="addingNewLeadSearchListTest" time="29.415"/>
  <system-out/>
</testsuite> <!-- listsPack.AddingNewLeadSearchListTest -->
