<?xml version="1.0" encoding="UTF-8"?>
<!-- Generated by org.testng.reporters.JUnitReportReporter -->
<testsuite hostname="aniket-Latitude-3410" failures="0" tests="1" name="leadActivities.LogOfflineCall_outboundAnsweredTest" time="33.865" errors="0" timestamp="2023-05-19T19:28:58 IST" skipped="0">
  <testcase classname="leadActivities.LogOfflineCall_outboundAnsweredTest" name="logOfflineCall_outboundAnsweredTest" time="33.865"/>
  <system-out/>
</testsuite> <!-- leadActivities.LogOfflineCall_outboundAnsweredTest -->
