<?xml version="1.0" encoding="UTF-8"?>
<!-- Generated by org.testng.reporters.JUnitReportReporter -->
<testsuite hostname="aniket-Latitude-3410" failures="0" tests="1" name="inventory.AddingNewFloorPlanTest" time="35.647" errors="0" timestamp="2023-06-22T13:59:31 IST" skipped="0">
  <testcase classname="inventory.AddingNewFloorPlanTest" name="addingNewFloorPlanTest" time="35.647"/>
  <system-out/>
</testsuite> <!-- inventory.AddingNewFloorPlanTest -->
